{"Protocol":0,"Id":"f34f5c6a59b38e8b2e57da39f86b3068","Path":"/media/ram/OnlyFans.2024.Anabel054.Brother.Fucking.Sleeping.Sister.1.XXX.1080p.MP4-P2P[XC]/onlyfans.2024.anabel054.brother.fucking.sleeping.sister.1.xxx.mp4","EncoderPath":null,"EncoderProtocol":null,"Type":0,"Container":"mov,mp4,m4a,3gp,3g2,mj2","Size":274345503,"Name":"onlyfans.2024.anabel054.brother.fucking.sleeping.sister.1.xxx","IsRemote":false,"ETag":"7c217939adef21bb9387395c854e8759","RunTimeTicks":3850659999,"ReadAtNativeFramerate":false,"IgnoreDts":false,"IgnoreIndex":false,"GenPtsInput":false,"SupportsTranscoding":true,"SupportsDirectStream":true,"SupportsDirectPlay":true,"IsInfiniteStream":false,"UseMostCompatibleTranscodingProfile":false,"RequiresOpening":false,"OpenToken":null,"RequiresClosing":false,"LiveStreamId":null,"BufferMs":null,"RequiresLooping":false,"SupportsProbing":true,"VideoType":0,"IsoType":null,"Video3DFormat":null,"MediaStreams":[{"Codec":"h264","CodecTag":"avc1","Language":"und","ColorRange":null,"ColorSpace":"bt709","ColorTransfer":"bt709","ColorPrimaries":"bt709","DvVersionMajor":null,"DvVersionMinor":null,"DvProfile":null,"DvLevel":null,"RpuPresentFlag":null,"ElPresentFlag":null,"BlPresentFlag":null,"DvBlSignalCompatibilityId":null,"Rotation":null,"Comment":null,"TimeBase":"1/90000","CodecTimeBase":null,"Title":null,"VideoRange":1,"VideoRangeType":1,"VideoDoViTitle":null,"AudioSpatialFormat":0,"LocalizedUndefined":null,"LocalizedDefault":null,"LocalizedForced":null,"LocalizedExternal":null,"LocalizedHearingImpaired":null,"DisplayTitle":"1080p H264 SDR","NalLengthSize":"4","IsInterlaced":false,"IsAVC":true,"ChannelLayout":null,"BitRate":5531742,"BitDepth":8,"RefFrames":1,"PacketLength":null,"Channels":null,"SampleRate":null,"IsDefault":true,"IsForced":false,"IsHearingImpaired":false,"Height":1080,"Width":1920,"AverageFrameRate":30,"RealFrameRate":30,"ReferenceFrameRate":30,"Profile":"Main","Type":1,"AspectRatio":"16:9","Index":0,"Score":null,"IsExternal":false,"DeliveryMethod":null,"DeliveryUrl":null,"IsExternalUrl":null,"IsTextSubtitleStream":false,"SupportsExternalStream":false,"Path":null,"PixelFormat":"yuv420p","Level":31,"IsAnamorphic":false},{"Codec":"aac","CodecTag":"mp4a","Language":"und","ColorRange":null,"ColorSpace":null,"ColorTransfer":null,"ColorPrimaries":null,"DvVersionMajor":null,"DvVersionMinor":null,"DvProfile":null,"DvLevel":null,"RpuPresentFlag":null,"ElPresentFlag":null,"BlPresentFlag":null,"DvBlSignalCompatibilityId":null,"Rotation":null,"Comment":null,"TimeBase":"1/44100","CodecTimeBase":null,"Title":null,"VideoRange":0,"VideoRangeType":0,"VideoDoViTitle":null,"AudioSpatialFormat":0,"LocalizedUndefined":null,"LocalizedDefault":"Default","LocalizedForced":null,"LocalizedExternal":"External","LocalizedHearingImpaired":null,"DisplayTitle":"AAC - Stereo - Default","NalLengthSize":null,"IsInterlaced":false,"IsAVC":false,"ChannelLayout":"stereo","BitRate":160006,"BitDepth":null,"RefFrames":null,"PacketLength":null,"Channels":2,"SampleRate":44100,"IsDefault":true,"IsForced":false,"IsHearingImpaired":false,"Height":null,"Width":null,"AverageFrameRate":null,"RealFrameRate":null,"ReferenceFrameRate":null,"Profile":"LC","Type":0,"AspectRatio":null,"Index":1,"Score":null,"IsExternal":false,"DeliveryMethod":null,"DeliveryUrl":null,"IsExternalUrl":null,"IsTextSubtitleStream":false,"SupportsExternalStream":false,"Path":null,"PixelFormat":null,"Level":0,"IsAnamorphic":null}],"MediaAttachments":[],"Formats":[],"Bitrate":5699708,"FallbackMaxStreamingBitrate":null,"Timestamp":null,"RequiredHttpHeaders":{},"TranscodingUrl":null,"TranscodingSubProtocol":0,"TranscodingContainer":null,"AnalyzeDurationMs":null,"DefaultAudioStreamIndex":null,"DefaultSubtitleStreamIndex":null,"HasSegments":false}

/usr/lib/jellyfin-ffmpeg/ffmpeg -analyzeduration 200M -probesize 1G -ss 00:00:03.000 -noaccurate_seek  -i file:"/media/ram/OnlyFans.2024.Anabel054.Brother.Fucking.Sleeping.Sister.1.XXX.1080p.MP4-P2P[XC]/onlyfans.2024.anabel054.brother.fucking.sleeping.sister.1.xxx.mp4" -map_metadata -1 -map_chapters -1 -threads 0 -map 0:0 -map 0:1 -map -0:s -codec:v:0 libx264 -preset veryfast -crf 23 -maxrate 5531742 -bufsize 11063484 -profile:v:0 main -level 31 -x264opts:0 subme=0:me_range=16:rc_lookahead=10:me=hex:open_gop=0 -force_key_frames:0 "expr:gte(t,n_forced*3)" -sc_threshold:v:0 0 -vf "setparams=color_primaries=bt709:color_trc=bt709:colorspace=bt709,scale=trunc(min(max(iw\,ih*a)\,min(1920\,1080*a))/2)*2:trunc(min(max(iw/a\,ih)\,min(1920/a\,1080))/2)*2,format=yuv420p" -codec:a:0 copy -copyts -avoid_negative_ts disabled -max_muxing_queue_size 2048 -f hls -max_delay 5000000 -hls_time 3 -hls_segment_type fmp4 -hls_fmp4_init_filename "7c88096ee10be8a6d5f85c573294e9e2-1.mp4" -start_number 1 -hls_segment_filename "/cache/transcodes/7c88096ee10be8a6d5f85c573294e9e2%d.mp4" -hls_playlist_type vod -hls_list_size 0 -y "/cache/transcodes/7c88096ee10be8a6d5f85c573294e9e2.m3u8"


ffmpeg version 7.0.2-Jellyfin Copyright (c) 2000-2024 the FFmpeg developers
  built with gcc 12 (Debian 12.2.0-14)
  configuration: --prefix=/usr/lib/jellyfin-ffmpeg --target-os=linux --extra-version=Jellyfin --disable-doc --disable-ffplay --disable-ptx-compression --disable-static --disable-libxcb --disable-sdl2 --disable-xlib --enable-lto=auto --enable-gpl --enable-version3 --enable-shared --enable-gmp --enable-gnutls --enable-chromaprint --enable-opencl --enable-libdrm --enable-libxml2 --enable-libass --enable-libfreetype --enable-libfribidi --enable-libfontconfig --enable-libharfbuzz --enable-libbluray --enable-libmp3lame --enable-libopus --enable-libtheora --enable-libvorbis --enable-libopenmpt --enable-libdav1d --enable-libsvtav1 --enable-libwebp --enable-libvpx --enable-libx264 --enable-libx265 --enable-libzvbi --enable-libzimg --enable-libfdk-aac --arch=arm64 --cross-prefix=/usr/bin/aarch64-linux-gnu- --toolchain=hardened --enable-cross-compile --enable-rkmpp --enable-rkrga
  libavutil      59.  8.100 / 59.  8.100
  libavcodec     61.  3.100 / 61.  3.100
  libavformat    61.  1.100 / 61.  1.100
  libavdevice    61.  1.100 / 61.  1.100
  libavfilter    10.  1.100 / 10.  1.100
  libswscale      8.  1.100 /  8.  1.100
  libswresample   5.  1.100 /  5.  1.100
  libpostproc    58.  1.100 / 58.  1.100
Input #0, mov,mp4,m4a,3gp,3g2,mj2, from 'file:/media/ram/OnlyFans.2024.Anabel054.Brother.Fucking.Sleeping.Sister.1.XXX.1080p.MP4-P2P[XC]/onlyfans.2024.anabel054.brother.fucking.sleeping.sister.1.xxx.mp4':
  Metadata:
    major_brand     : isom
    minor_version   : 512
    compatible_brands: isomiso2avc1mp41
    title           : [XXXClub.to]OnlyFans.2024.Anabel054.Brother.Fucking.Sleeping.Sister.1.XXX.1080p.MP4-P2P[XC]
    encoder         : Lavf58.20.100
    comment         : [XXXClub.to]OnlyFans.2024.Anabel054.Brother.Fucking.Sleeping.Sister.1.XXX.1080p.MP4-P2P[XC]
  Duration: 00:06:25.07, start: 0.000000, bitrate: 5699 kb/s
  Stream #0:0[0x1](und): Video: h264 (Main) (avc1 / 0x31637661), yuv420p(tv, bt709, progressive), 1920x1080 [SAR 1:1 DAR 16:9], 5531 kb/s, 30 fps, 30 tbr, 90k tbn (default)
      Metadata:
        handler_name    : VideoHandler
        vendor_id       : [0][0][0][0]
  Stream #0:1[0x2](und): Audio: aac (LC) (mp4a / 0x6134706D), 44100 Hz, stereo, fltp, 160 kb/s (default)
      Metadata:
        handler_name    : SoundHandler
        vendor_id       : [0][0][0][0]
Stream mapping:
  Stream #0:0 -> #0:0 (h264 (native) -> h264 (libx264))
  Stream #0:1 -> #0:1 (copy)
Press [q] to stop, [?] for help
[libx264 @ 0xaaaad840bb80] using SAR=1/1
[libx264 @ 0xaaaad840bb80] frame MB size (120x68) > level limit (3600)
[libx264 @ 0xaaaad840bb80] DPB size (4 frames, 32640 mbs) > level limit (2 frames, 18000 mbs)
[libx264 @ 0xaaaad840bb80] MB rate (244800) > level limit (108000)
[libx264 @ 0xaaaad840bb80] using cpu capabilities: ARMv8 NEON
[libx264 @ 0xaaaad840bb80] profile Main, level 3.1, 4:2:0, 8-bit
[libx264 @ 0xaaaad840bb80] 264 - core 164 r3095 baee400 - H.264/MPEG-4 AVC codec - Copyleft 2003-2022 - http://www.videolan.org/x264.html - options: cabac=1 ref=1 deblock=1:0:0 analyse=0x1:0x111 me=hex subme=0 psy=1 psy_rd=1.00:0.00 mixed_ref=0 me_range=16 chroma_me=1 trellis=0 8x8dct=0 cqm=0 deadzone=21,11 fast_pskip=1 chroma_qp_offset=0 threads=6 lookahead_threads=1 sliced_threads=0 nr=0 decimate=1 interlaced=0 bluray_compat=0 constrained_intra=0 bframes=3 b_pyramid=2 b_adapt=1 b_bias=0 direct=1 weightb=1 open_gop=0 weightp=1 keyint=250 keyint_min=25 scenecut=0 intra_refresh=0 rc_lookahead=10 rc=crf mbtree=1 crf=23.0 qcomp=0.60 qpmin=0 qpmax=69 qpstep=4 vbv_maxrate=5531 vbv_bufsize=11063 crf_max=0.0 nal_hrd=none filler=0 ip_ratio=1.40 aq=1:1.00
[hls @ 0xaaaad8463bc0] Opening '/cache/transcodes/7c88096ee10be8a6d5f85c573294e9e2-1.mp4' for writing
Output #0, hls, to '/cache/transcodes/7c88096ee10be8a6d5f85c573294e9e2.m3u8':
  Metadata:
    encoder         : Lavf61.1.100
  Stream #0:0: Video: h264, yuv420p(tv, bt709, progressive), 1920x1080 [SAR 1:1 DAR 16:9], q=2-31, 30 fps, 15360 tbn (default)
      Metadata:
        encoder         : Lavc61.3.100 libx264
      Side data:
        cpb: bitrate max/min/avg: 5531000/0/0 buffer size: 11063000 vbv_delay: N/A
  Stream #0:1: Audio: aac (LC) (mp4a / 0x6134706D), 44100 Hz, stereo, fltp, 160 kb/s (default)
frame=    0 fps=0.0 q=0.0 size=N/A time=N/A bitrate=N/A speed=N/A    
frame=    0 fps=0.0 q=0.0 size=N/A time=N/A bitrate=N/A speed=N/A    
frame=    0 fps=0.0 q=0.0 size=N/A time=N/A bitrate=N/A speed=N/A    
frame=    0 fps=0.0 q=0.0 size=N/A time=N/A bitrate=N/A speed=N/A    
frame=    4 fps=1.3 q=29.0 size=N/A time=00:00:00.00 bitrate=N/A speed=   0x    
frame=    9 fps=2.6 q=29.0 size=N/A time=00:00:00.16 bitrate=N/A speed=0.0476x    
frame=   14 fps=3.5 q=29.0 size=N/A time=00:00:00.33 bitrate=N/A speed=0.0832x    
frame=   18 fps=4.0 q=29.0 size=N/A time=00:00:00.46 bitrate=N/A speed=0.104x    
frame=   20 fps=4.0 q=29.0 size=N/A time=00:00:00.53 bitrate=N/A speed=0.107x    
frame=   24 fps=4.4 q=29.0 size=N/A time=00:00:00.66 bitrate=N/A speed=0.121x    
frame=   28 fps=4.7 q=29.0 size=N/A time=00:00:00.80 bitrate=N/A speed=0.133x    
frame=   30 fps=4.6 q=29.0 size=N/A time=00:00:00.86 bitrate=N/A speed=0.133x    
frame=   33 fps=4.7 q=29.0 size=N/A time=00:00:00.96 bitrate=N/A speed=0.138x    
frame=   34 fps=4.5 q=29.0 size=N/A time=00:00:01.00 bitrate=N/A speed=0.133x    
frame=   40 fps=5.0 q=29.0 size=N/A time=00:00:01.20 bitrate=N/A speed=0.15x    
frame=   42 fps=4.9 q=29.0 size=N/A time=00:00:01.26 bitrate=N/A speed=0.149x    
frame=   44 fps=4.9 q=29.0 size=N/A time=00:00:01.33 bitrate=N/A speed=0.148x    
frame=   48 fps=5.0 q=29.0 size=N/A time=00:00:01.46 bitrate=N/A speed=0.154x    
frame=   49 fps=4.9 q=29.0 size=N/A time=00:00:01.50 bitrate=N/A speed=0.15x    
frame=   50 fps=4.8 q=29.0 size=N/A time=00:00:01.53 bitrate=N/A speed=0.146x    
frame=   55 fps=5.0 q=29.0 size=N/A time=00:00:01.70 bitrate=N/A speed=0.154x    
frame=   60 fps=5.2 q=29.0 size=N/A time=00:00:01.86 bitrate=N/A speed=0.162x    
frame=   62 fps=5.2 q=29.0 size=N/A time=00:00:01.93 bitrate=N/A speed=0.161x    
frame=   66 fps=5.3 q=29.0 size=N/A time=00:00:02.06 bitrate=N/A speed=0.165x    
frame=   71 fps=5.5 q=29.0 size=N/A time=00:00:02.23 bitrate=N/A speed=0.171x    
frame=   72 fps=5.3 q=29.0 size=N/A time=00:00:02.26 bitrate=N/A speed=0.168x    
frame=   78 fps=5.6 q=29.0 size=N/A time=00:00:02.46 bitrate=N/A speed=0.176x    
frame=   81 fps=5.6 q=29.0 size=N/A time=00:00:02.56 bitrate=N/A speed=0.177x    
[hls @ 0xaaaad8463bc0] Opening '/cache/transcodes/7c88096ee10be8a6d5f85c573294e9e21.mp4' for writing
frame=   91 fps=5.9 q=29.0 size=N/A time=00:00:03.00 bitrate=N/A speed=0.193x    
frame=   97 fps=6.1 q=29.0 size=N/A time=00:00:03.10 bitrate=N/A speed=0.193x    
frame=  103 fps=6.2 q=29.0 size=N/A time=00:00:03.30 bitrate=N/A speed= 0.2x    
frame=  110 fps=6.5 q=29.0 size=N/A time=00:00:03.53 bitrate=N/A speed=0.208x    
frame=  116 fps=6.6 q=29.0 size=N/A time=00:00:03.73 bitrate=N/A speed=0.213x    
frame=  126 fps=7.0 q=29.0 size=N/A time=00:00:04.06 bitrate=N/A speed=0.226x    
frame=  130 fps=7.0 q=29.0 size=N/A time=00:00:04.20 bitrate=N/A speed=0.227x    
frame=  134 fps=7.0 q=29.0 size=N/A time=00:00:04.33 bitrate=N/A speed=0.228x    
frame=  137 fps=7.0 q=29.0 size=N/A time=00:00:04.43 bitrate=N/A speed=0.227x    
frame=  146 fps=7.3 q=29.0 size=N/A time=00:00:04.73 bitrate=N/A speed=0.236x    
frame=  152 fps=7.4 q=29.0 size=N/A time=00:00:04.93 bitrate=N/A speed=0.24x    
frame=  159 fps=7.6 q=29.0 size=N/A time=00:00:05.16 bitrate=N/A speed=0.246x    
frame=  163 fps=7.6 q=29.0 size=N/A time=00:00:05.30 bitrate=N/A speed=0.246x    
frame=  169 fps=7.7 q=29.0 size=N/A time=00:00:05.50 bitrate=N/A speed=0.25x    
frame=  175 fps=7.8 q=29.0 size=N/A time=00:00:05.70 bitrate=N/A speed=0.253x    
[hls @ 0xaaaad8463bc0] Opening '/cache/transcodes/7c88096ee10be8a6d5f85c573294e9e22.mp4' for writing
frame=  181 fps=7.9 q=29.0 size=N/A time=00:00:05.90 bitrate=N/A speed=0.256x    
frame=  186 fps=7.9 q=29.0 size=N/A time=00:00:06.06 bitrate=N/A speed=0.258x    
frame=  191 fps=7.9 q=29.0 size=N/A time=00:00:06.23 bitrate=N/A speed=0.259x    
frame=  197 fps=8.0 q=29.0 size=N/A time=00:00:06.43 bitrate=N/A speed=0.262x    
frame=  204 fps=8.1 q=29.0 size=N/A time=00:00:06.66 bitrate=N/A speed=0.266x    
frame=  211 fps=8.3 q=29.0 size=N/A time=00:00:06.90 bitrate=N/A speed=0.27x    
frame=  221 fps=8.5 q=29.0 size=N/A time=00:00:07.23 bitrate=N/A speed=0.278x    
frame=  229 fps=8.6 q=29.0 size=N/A time=00:00:07.50 bitrate=N/A speed=0.283x    
frame=  240 fps=8.9 q=29.0 size=N/A time=00:00:07.86 bitrate=N/A speed=0.29x    
frame=  240 fps=8.7 q=29.0 size=N/A time=00:00:07.86 bitrate=N/A speed=0.285x    
frame=  244 fps=8.7 q=29.0 size=N/A time=00:00:08.00 bitrate=N/A speed=0.285x    
frame=  250 fps=8.7 q=29.0 size=N/A time=00:00:08.20 bitrate=N/A speed=0.287x    
frame=  256 fps=8.8 q=29.0 size=N/A time=00:00:08.40 bitrate=N/A speed=0.289x    
frame=  264 fps=8.9 q=29.0 size=N/A time=00:00:08.66 bitrate=N/A speed=0.293x    
frame=  265 fps=8.8 q=29.0 size=N/A time=00:00:08.70 bitrate=N/A speed=0.289x    
frame=  270 fps=8.8 q=29.0 size=N/A time=00:00:08.86 bitrate=N/A speed=0.29x    
[hls @ 0xaaaad8463bc0] Opening '/cache/transcodes/7c88096ee10be8a6d5f85c573294e9e23.mp4' for writing
frame=  276 fps=8.9 q=29.0 size=N/A time=00:00:09.06 bitrate=N/A speed=0.292x    
frame=  282 fps=8.9 q=29.0 size=N/A time=00:00:09.26 bitrate=N/A speed=0.293x    
frame=  288 fps=9.0 q=29.0 size=N/A time=00:00:09.46 bitrate=N/A speed=0.295x    
frame=  293 fps=9.0 q=29.0 size=N/A time=00:00:09.63 bitrate=N/A speed=0.295x    
frame=  300 fps=9.1 q=29.0 size=N/A time=00:00:09.86 bitrate=N/A speed=0.298x    
frame=  302 fps=9.0 q=29.0 size=N/A time=00:00:09.93 bitrate=N/A speed=0.296x    
frame=  312 fps=9.1 q=29.0 size=N/A time=00:00:10.26 bitrate=N/A speed=0.301x    
frame=  317 fps=9.2 q=29.0 size=N/A time=00:00:10.43 bitrate=N/A speed=0.301x    
frame=  323 fps=9.2 q=29.0 size=N/A time=00:00:10.63 bitrate=N/A speed=0.303x    
frame=  332 fps=9.3 q=29.0 size=N/A time=00:00:10.93 bitrate=N/A speed=0.307x    
frame=  340 fps=9.4 q=29.0 size=N/A time=00:00:11.20 bitrate=N/A speed=0.31x    
frame=  344 fps=9.4 q=29.0 size=N/A time=00:00:11.33 bitrate=N/A speed=0.309x    
frame=  350 fps=9.4 q=29.0 size=N/A time=00:00:11.53 bitrate=N/A speed=0.311x    
frame=  355 fps=9.4 q=29.0 size=N/A time=00:00:11.70 bitrate=N/A speed=0.311x    
[hls @ 0xaaaad8463bc0] Opening '/cache/transcodes/7c88096ee10be8a6d5f85c573294e9e24.mp4' for writing
frame=  361 fps=9.5 q=29.0 size=N/A time=00:00:12.00 bitrate=N/A speed=0.315x    
frame=  373 fps=9.7 q=29.0 size=N/A time=00:00:12.30 bitrate=N/A speed=0.318x    
frame=  381 fps=9.7 q=29.0 size=N/A time=00:00:12.56 bitrate=N/A speed=0.321x    
frame=  389 fps=9.8 q=29.0 size=N/A time=00:00:12.83 bitrate=N/A speed=0.324x    
frame=  389 fps=9.7 q=29.0 size=N/A time=00:00:12.86 bitrate=N/A speed=0.321x    
frame=  398 fps=9.8 q=29.0 size=N/A time=00:00:13.13 bitrate=N/A speed=0.323x    
frame=  404 fps=9.8 q=29.0 size=N/A time=00:00:13.33 bitrate=N/A speed=0.324x    
frame=  409 fps=9.8 q=29.0 size=N/A time=00:00:13.50 bitrate=N/A speed=0.324x    
frame=  416 fps=9.9 q=29.0 size=N/A time=00:00:13.73 bitrate=N/A speed=0.326x    
frame=  422 fps=9.9 q=29.0 size=N/A time=00:00:13.93 bitrate=N/A speed=0.327x    
frame=  430 fps= 10 q=29.0 size=N/A time=00:00:14.20 bitrate=N/A speed=0.329x    
frame=  434 fps=9.9 q=29.0 size=N/A time=00:00:14.33 bitrate=N/A speed=0.328x    
frame=  438 fps=9.9 q=29.0 size=N/A time=00:00:14.46 bitrate=N/A speed=0.328x    
frame=  441 fps=9.9 q=29.0 size=N/A time=00:00:14.56 bitrate=N/A speed=0.326x    
frame=  450 fps= 10 q=29.0 size=N/A time=00:00:14.86 bitrate=N/A speed=0.329x    
[hls @ 0xaaaad8463bc0] Opening '/cache/transcodes/7c88096ee10be8a6d5f85c573294e9e25.mp4' for writing
frame=  452 fps=9.9 q=29.0 size=N/A time=00:00:14.93 bitrate=N/A speed=0.327x    
frame=  458 fps=9.9 q=29.0 size=N/A time=00:00:15.13 bitrate=N/A speed=0.328x    
frame=  462 fps=9.9 q=29.0 size=N/A time=00:00:15.26 bitrate=N/A speed=0.327x    
frame=  467 fps=9.9 q=29.0 size=N/A time=00:00:15.43 bitrate=N/A speed=0.327x    
frame=  473 fps=9.9 q=29.0 size=N/A time=00:00:15.63 bitrate=N/A speed=0.328x    
frame=  474 fps=9.8 q=29.0 size=N/A time=00:00:15.66 bitrate=N/A speed=0.325x    
frame=  481 fps=9.9 q=29.0 size=N/A time=00:00:15.90 bitrate=N/A speed=0.327x    
frame=  483 fps=9.8 q=29.0 size=N/A time=00:00:15.96 bitrate=N/A speed=0.325x    
frame=  487 fps=9.8 q=29.0 size=N/A time=00:00:16.10 bitrate=N/A speed=0.324x    
frame=  487 fps=9.7 q=29.0 size=N/A time=00:00:16.10 bitrate=N/A speed=0.321x    
frame=  490 fps=9.7 q=29.0 size=N/A time=00:00:16.20 bitrate=N/A speed=0.32x    
frame=  494 fps=9.7 q=29.0 size=N/A time=00:00:16.33 bitrate=N/A speed=0.319x    
frame=  497 fps=9.6 q=29.0 size=N/A time=00:00:16.43 bitrate=N/A speed=0.318x    
frame=  499 fps=9.6 q=29.0 size=N/A time=00:00:16.50 bitrate=N/A speed=0.316x    
frame=  499 fps=9.5 q=29.0 size=N/A time=00:00:16.50 bitrate=N/A speed=0.313x    
frame=  502 fps=9.4 q=29.0 size=N/A time=00:00:16.60 bitrate=N/A speed=0.312x    
frame=  504 fps=9.4 q=29.0 size=N/A time=00:00:16.66 bitrate=N/A speed=0.31x    
frame=  505 fps=9.3 q=29.0 size=N/A time=00:00:16.70 bitrate=N/A speed=0.308x    
frame=  509 fps=9.3 q=29.0 size=N/A time=00:00:16.83 bitrate=N/A speed=0.308x    
frame=  509 fps=9.2 q=29.0 size=N/A time=00:00:16.83 bitrate=N/A speed=0.305x    
frame=  513 fps=9.2 q=29.0 size=N/A time=00:00:16.96 bitrate=N/A speed=0.305x    
frame=  513 fps=9.1 q=29.0 size=N/A time=00:00:16.96 bitrate=N/A speed=0.302x    
frame=  517 fps=9.1 q=29.0 size=N/A time=00:00:17.10 bitrate=N/A speed=0.302x    
frame=  517 fps=9.0 q=29.0 size=N/A time=00:00:17.10 bitrate=N/A speed=0.299x    
frame=  519 fps=9.0 q=29.0 size=N/A time=00:00:17.16 bitrate=N/A speed=0.297x    
frame=  521 fps=9.0 q=29.0 size=N/A time=00:00:17.23 bitrate=N/A speed=0.296x    
frame=  523 fps=8.9 q=29.0 size=N/A time=00:00:17.30 bitrate=N/A speed=0.295x    
frame=  525 fps=8.9 q=29.0 size=N/A time=00:00:17.36 bitrate=N/A speed=0.293x    
frame=  528 fps=8.8 q=29.0 size=N/A time=00:00:17.46 bitrate=N/A speed=0.292x    
frame=  532 fps=8.8 q=29.0 size=N/A time=00:00:17.60 bitrate=N/A speed=0.292x    
frame=  535 fps=8.8 q=29.0 size=N/A time=00:00:17.70 bitrate=N/A speed=0.292x    
frame=  535 fps=8.7 q=29.0 size=N/A time=00:00:17.70 bitrate=N/A speed=0.289x    
frame=  536 fps=8.7 q=26.0 size=N/A time=00:00:17.73 bitrate=N/A speed=0.287x    
[hls @ 0xaaaad8463bc0] Opening '/cache/transcodes/7c88096ee10be8a6d5f85c573294e9e26.mp4' for writing
frame=  541 fps=8.7 q=29.0 size=N/A time=00:00:17.93 bitrate=N/A speed=0.288x    
frame=  544 fps=8.7 q=29.0 size=N/A time=00:00:18.00 bitrate=N/A speed=0.287x    
frame=  550 fps=8.7 q=29.0 size=N/A time=00:00:18.20 bitrate=N/A speed=0.288x    
frame=  550 fps=8.6 q=29.0 size=N/A time=00:00:18.20 bitrate=N/A speed=0.286x    
frame=  551 fps=8.6 q=29.0 size=N/A time=00:00:18.23 bitrate=N/A speed=0.284x    
frame=  556 fps=8.6 q=29.0 size=N/A time=00:00:18.40 bitrate=N/A speed=0.284x    
frame=  558 fps=8.6 q=29.0 size=N/A time=00:00:18.46 bitrate=N/A speed=0.283x    
frame=  560 fps=8.5 q=29.0 size=N/A time=00:00:18.53 bitrate=N/A speed=0.282x    
frame=  563 fps=8.5 q=29.0 size=N/A time=00:00:18.63 bitrate=N/A speed=0.281x    
frame=  564 fps=8.5 q=29.0 size=N/A time=00:00:18.66 bitrate=N/A speed=0.28x    
frame=  568 fps=8.4 q=29.0 size=N/A time=00:00:18.80 bitrate=N/A speed=0.28x    
frame=  569 fps=8.4 q=29.0 size=N/A time=00:00:18.83 bitrate=N/A speed=0.278x    
frame=  570 fps=8.4 q=29.0 size=N/A time=00:00:18.86 bitrate=N/A speed=0.276x    
frame=  576 fps=8.4 q=29.0 size=N/A time=00:00:19.06 bitrate=N/A speed=0.277x    
frame=  576 fps=8.3 q=29.0 size=N/A time=00:00:19.06 bitrate=N/A speed=0.275x    
frame=  578 fps=8.3 q=29.0 size=N/A time=00:00:19.13 bitrate=N/A speed=0.274x    
frame=  581 fps=8.3 q=29.0 size=N/A time=00:00:19.23 bitrate=N/A speed=0.274x    
frame=  582 fps=8.2 q=29.0 size=N/A time=00:00:19.26 bitrate=N/A speed=0.272x    
frame=  584 fps=8.2 q=29.0 size=N/A time=00:00:19.33 bitrate=N/A speed=0.271x    
frame=  586 fps=8.2 q=29.0 size=N/A time=00:00:19.40 bitrate=N/A speed=0.27x    
frame=  588 fps=8.1 q=29.0 size=N/A time=00:00:19.46 bitrate=N/A speed=0.269x    
frame=  593 fps=8.2 q=29.0 size=N/A time=00:00:19.63 bitrate=N/A speed=0.27x    
frame=  594 fps=8.1 q=29.0 size=N/A time=00:00:19.66 bitrate=N/A speed=0.268x    
frame=  595 fps=8.1 q=29.0 size=N/A time=00:00:19.70 bitrate=N/A speed=0.267x    
frame=  600 fps=8.1 q=29.0 size=N/A time=00:00:19.86 bitrate=N/A speed=0.268x    
frame=  600 fps=8.0 q=29.0 size=N/A time=00:00:19.86 bitrate=N/A speed=0.266x    
frame=  606 fps=8.0 q=29.0 size=N/A time=00:00:20.06 bitrate=N/A speed=0.265x    
frame=  610 fps=8.0 q=29.0 size=N/A time=00:00:20.20 bitrate=N/A speed=0.265x    
frame=  611 fps=8.0 q=29.0 size=N/A time=00:00:20.23 bitrate=N/A speed=0.264x    
frame=  615 fps=8.0 q=29.0 size=N/A time=00:00:20.36 bitrate=N/A speed=0.264x    
frame=  616 fps=7.9 q=29.0 size=N/A time=00:00:20.40 bitrate=N/A speed=0.262x    
frame=  619 fps=7.9 q=29.0 size=N/A time=00:00:20.50 bitrate=N/A speed=0.262x    
frame=  623 fps=7.9 q=29.0 size=N/A time=00:00:20.63 bitrate=N/A speed=0.262x    
frame=  623 fps=7.9 q=29.0 size=N/A time=00:00:20.63 bitrate=N/A speed=0.26x    
frame=  625 fps=7.8 q=29.0 size=N/A time=00:00:20.70 bitrate=N/A speed=0.259x    
frame=  626 fps=7.8 q=26.0 size=N/A time=00:00:20.73 bitrate=N/A speed=0.258x    
frame=  630 fps=7.8 q=29.0 size=N/A time=00:00:20.86 bitrate=N/A speed=0.258x    
frame=  630 fps=7.8 q=29.0 size=N/A time=00:00:20.86 bitrate=N/A speed=0.257x    
[hls @ 0xaaaad8463bc0] Opening '/cache/transcodes/7c88096ee10be8a6d5f85c573294e9e27.mp4' for writing
frame=  634 fps=7.8 q=29.0 size=N/A time=00:00:21.00 bitrate=N/A speed=0.257x    
frame=  637 fps=7.7 q=29.0 size=N/A time=00:00:21.10 bitrate=N/A speed=0.256x    
frame=  638 fps=7.7 q=29.0 size=N/A time=00:00:21.13 bitrate=N/A speed=0.255x    
frame=  641 fps=7.7 q=29.0 size=N/A time=00:00:21.23 bitrate=N/A speed=0.255x    

[q] command received. Exiting.
