{"Protocol":0,"Id":"97592a483e2806506ae7b159431f3d6f","Path":"/media/ram/2014 X-ART/[X-Art] 2014-02-20 Silvie, Anjelica - Just The Three Of Us [mp4][1920x1080]/X-Art - Susie, Anjelica - Just The Three Of Us 1080p.mp4","EncoderPath":null,"EncoderProtocol":null,"Type":0,"Container":"mov,mp4,m4a,3gp,3g2,mj2","Size":1073958022,"Name":"X-Art - Susie, Anjelica - Just The Three Of Us 1080p","IsRemote":false,"ETag":"400bb7286c2755657d3338893bfc5e67","RunTimeTicks":10077564640,"ReadAtNativeFramerate":false,"IgnoreDts":false,"IgnoreIndex":false,"GenPtsInput":false,"SupportsTranscoding":true,"SupportsDirectStream":true,"SupportsDirectPlay":true,"IsInfiniteStream":false,"UseMostCompatibleTranscodingProfile":false,"RequiresOpening":false,"OpenToken":null,"RequiresClosing":false,"LiveStreamId":null,"BufferMs":null,"RequiresLooping":false,"SupportsProbing":true,"VideoType":0,"IsoType":null,"Video3DFormat":null,"MediaStreams":[{"Codec":"mpeg4","CodecTag":"mp4v","Language":"eng","ColorRange":null,"ColorSpace":null,"ColorTransfer":null,"ColorPrimaries":null,"DvVersionMajor":null,"DvVersionMinor":null,"DvProfile":null,"DvLevel":null,"RpuPresentFlag":null,"ElPresentFlag":null,"BlPresentFlag":null,"DvBlSignalCompatibilityId":null,"Rotation":null,"Comment":null,"TimeBase":"1/1199","CodecTimeBase":null,"Title":null,"VideoRange":1,"VideoRangeType":1,"VideoDoViTitle":null,"AudioSpatialFormat":0,"LocalizedUndefined":null,"LocalizedDefault":null,"LocalizedForced":null,"LocalizedExternal":null,"LocalizedHearingImpaired":null,"DisplayTitle":"1080p MPEG4 SDR","NalLengthSize":null,"IsInterlaced":false,"IsAVC":false,"ChannelLayout":null,"BitRate":8418067,"BitDepth":8,"RefFrames":1,"PacketLength":null,"Channels":null,"SampleRate":null,"IsDefault":true,"IsForced":false,"IsHearingImpaired":false,"Height":1080,"Width":1920,"AverageFrameRate":23.98,"RealFrameRate":23.98,"ReferenceFrameRate":23.98,"Profile":"Simple Profile","Type":1,"AspectRatio":"16:9","Index":0,"Score":null,"IsExternal":false,"DeliveryMethod":null,"DeliveryUrl":null,"IsExternalUrl":null,"IsTextSubtitleStream":false,"SupportsExternalStream":false,"Path":null,"PixelFormat":"yuv420p","Level":1,"IsAnamorphic":false},{"Codec":"aac","CodecTag":"mp4a","Language":"eng","ColorRange":null,"ColorSpace":null,"ColorTransfer":null,"ColorPrimaries":null,"DvVersionMajor":null,"DvVersionMinor":null,"DvProfile":null,"DvLevel":null,"RpuPresentFlag":null,"ElPresentFlag":null,"BlPresentFlag":null,"DvBlSignalCompatibilityId":null,"Rotation":null,"Comment":null,"TimeBase":"1/48000","CodecTimeBase":null,"Title":null,"VideoRange":0,"VideoRangeType":0,"VideoDoViTitle":null,"AudioSpatialFormat":0,"LocalizedUndefined":null,"LocalizedDefault":"Default","LocalizedForced":null,"LocalizedExternal":"External","LocalizedHearingImpaired":null,"DisplayTitle":"English - AAC - Stereo - Default","NalLengthSize":null,"IsInterlaced":false,"IsAVC":false,"ChannelLayout":"stereo","BitRate":103387,"BitDepth":null,"RefFrames":null,"PacketLength":null,"Channels":2,"SampleRate":48000,"IsDefault":true,"IsForced":false,"IsHearingImpaired":false,"Height":null,"Width":null,"AverageFrameRate":null,"RealFrameRate":null,"ReferenceFrameRate":null,"Profile":"LC","Type":0,"AspectRatio":null,"Index":1,"Score":null,"IsExternal":false,"DeliveryMethod":null,"DeliveryUrl":null,"IsExternalUrl":null,"IsTextSubtitleStream":false,"SupportsExternalStream":false,"Path":null,"PixelFormat":null,"Level":0,"IsAnamorphic":null}],"MediaAttachments":[],"Formats":[],"Bitrate":8525536,"FallbackMaxStreamingBitrate":null,"Timestamp":null,"RequiredHttpHeaders":{},"TranscodingUrl":null,"TranscodingSubProtocol":0,"TranscodingContainer":null,"AnalyzeDurationMs":null,"DefaultAudioStreamIndex":null,"DefaultSubtitleStreamIndex":null,"HasSegments":false}

/usr/lib/jellyfin-ffmpeg/ffmpeg -analyzeduration 200M -probesize 1G  -i file:"/media/ram/2014 X-ART/[X-Art] 2014-02-20 Silvie, Anjelica - Just The Three Of Us [mp4][1920x1080]/X-Art - Susie, Anjelica - Just The Three Of Us 1080p.mp4" -map_metadata -1 -map_chapters -1 -threads 0 -map 0:0 -map 0:1 -map -0:s -codec:v:0 libx264 -preset veryfast -crf 23 -maxrate 8418067 -bufsize 16836134 -profile:v:0 high -level 51 -x264opts:0 subme=0:me_range=16:rc_lookahead=10:me=hex:open_gop=0 -force_key_frames:0 "expr:gte(t,n_forced*3)" -sc_threshold:v:0 0 -vf "setparams=color_primaries=bt709:color_trc=bt709:colorspace=bt709,scale=trunc(min(max(iw\,ih*a)\,min(1920\,1080*a))/2)*2:trunc(min(max(iw/a\,ih)\,min(1920/a\,1080))/2)*2,format=yuv420p" -codec:a:0 copy -copyts -avoid_negative_ts disabled -max_muxing_queue_size 2048 -f hls -max_delay 5000000 -hls_time 3 -hls_segment_type fmp4 -hls_fmp4_init_filename "57452f885390529b08112e0a295afa64-1.mp4" -start_number 0 -hls_segment_filename "/cache/transcodes/57452f885390529b08112e0a295afa64%d.mp4" -hls_playlist_type vod -hls_list_size 0 -y "/cache/transcodes/57452f885390529b08112e0a295afa64.m3u8"


ffmpeg version 7.0.2-Jellyfin Copyright (c) 2000-2024 the FFmpeg developers
  built with gcc 12 (Debian 12.2.0-14)
  configuration: --prefix=/usr/lib/jellyfin-ffmpeg --target-os=linux --extra-version=Jellyfin --disable-doc --disable-ffplay --disable-ptx-compression --disable-static --disable-libxcb --disable-sdl2 --disable-xlib --enable-lto=auto --enable-gpl --enable-version3 --enable-shared --enable-gmp --enable-gnutls --enable-chromaprint --enable-opencl --enable-libdrm --enable-libxml2 --enable-libass --enable-libfreetype --enable-libfribidi --enable-libfontconfig --enable-libharfbuzz --enable-libbluray --enable-libmp3lame --enable-libopus --enable-libtheora --enable-libvorbis --enable-libopenmpt --enable-libdav1d --enable-libsvtav1 --enable-libwebp --enable-libvpx --enable-libx264 --enable-libx265 --enable-libzvbi --enable-libzimg --enable-libfdk-aac --arch=arm64 --cross-prefix=/usr/bin/aarch64-linux-gnu- --toolchain=hardened --enable-cross-compile --enable-rkmpp --enable-rkrga
  libavutil      59.  8.100 / 59.  8.100
  libavcodec     61.  3.100 / 61.  3.100
  libavformat    61.  1.100 / 61.  1.100
  libavdevice    61.  1.100 / 61.  1.100
  libavfilter    10.  1.100 / 10.  1.100
  libswscale      8.  1.100 /  8.  1.100
  libswresample   5.  1.100 /  5.  1.100
  libpostproc    58.  1.100 / 58.  1.100
Input #0, mov,mp4,m4a,3gp,3g2,mj2, from 'file:/media/ram/2014 X-ART/[X-Art] 2014-02-20 Silvie, Anjelica - Just The Three Of Us [mp4][1920x1080]/X-Art - Susie, Anjelica - Just The Three Of Us 1080p.mp4':
  Metadata:
    major_brand     : isom
    minor_version   : 512
    compatible_brands: isomiso2mp41
    encoder         : Lavf54.22.100
  Duration: 00:16:47.76, start: 0.000000, bitrate: 8525 kb/s
  Stream #0:0[0x1](eng): Video: mpeg4 (Simple Profile) (mp4v / 0x7634706D), yuv420p, 1920x1080 [SAR 1:1 DAR 16:9], 8418 kb/s, 23.98 fps, 23.98 tbr, 1199 tbn (default)
      Metadata:
        handler_name    : VideoHandler
        vendor_id       : [0][0][0][0]
  Stream #0:1[0x2](eng): Audio: aac (LC) (mp4a / 0x6134706D), 48000 Hz, stereo, fltp, 103 kb/s (default)
      Metadata:
        handler_name    : SoundHandler
        vendor_id       : [0][0][0][0]
Stream mapping:
  Stream #0:0 -> #0:0 (mpeg4 (native) -> h264 (libx264))
  Stream #0:1 -> #0:1 (copy)
Press [q] to stop, [?] for help
[libx264 @ 0xaaaafae28630] using SAR=1/1
[libx264 @ 0xaaaafae28630] using cpu capabilities: ARMv8 NEON
[libx264 @ 0xaaaafae28630] profile High, level 5.1, 4:2:0, 8-bit
[libx264 @ 0xaaaafae28630] 264 - core 164 r3095 baee400 - H.264/MPEG-4 AVC codec - Copyleft 2003-2022 - http://www.videolan.org/x264.html - options: cabac=1 ref=1 deblock=1:0:0 analyse=0x3:0x113 me=hex subme=0 psy=1 psy_rd=1.00:0.00 mixed_ref=0 me_range=16 chroma_me=1 trellis=0 8x8dct=1 cqm=0 deadzone=21,11 fast_pskip=1 chroma_qp_offset=0 threads=6 lookahead_threads=1 sliced_threads=0 nr=0 decimate=1 interlaced=0 bluray_compat=0 constrained_intra=0 bframes=3 b_pyramid=2 b_adapt=1 b_bias=0 direct=1 weightb=1 open_gop=0 weightp=1 keyint=250 keyint_min=23 scenecut=0 intra_refresh=0 rc_lookahead=10 rc=crf mbtree=1 crf=23.0 qcomp=0.60 qpmin=0 qpmax=69 qpstep=4 vbv_maxrate=8418 vbv_bufsize=16836 crf_max=0.0 nal_hrd=none filler=0 ip_ratio=1.40 aq=1:1.00
[hls @ 0xaaaafae278c0] Opening '/cache/transcodes/57452f885390529b08112e0a295afa64-1.mp4' for writing
Output #0, hls, to '/cache/transcodes/57452f885390529b08112e0a295afa64.m3u8':
  Metadata:
    encoder         : Lavf61.1.100
  Stream #0:0: Video: h264, yuv420p(bt709, progressive), 1920x1080 [SAR 1:1 DAR 16:9], q=2-31, 23.98 fps, 19184 tbn (default)
      Metadata:
        encoder         : Lavc61.3.100 libx264
      Side data:
        cpb: bitrate max/min/avg: 8418000/0/0 buffer size: 16836000 vbv_delay: N/A
  Stream #0:1: Audio: aac (LC) (mp4a / 0x6134706D), 48000 Hz, stereo, fltp, 103 kb/s (default)
frame=    0 fps=0.0 q=0.0 size=N/A time=N/A bitrate=N/A speed=N/A    
frame=    0 fps=0.0 q=0.0 size=N/A time=N/A bitrate=N/A speed=N/A    
frame=    0 fps=0.0 q=0.0 size=N/A time=N/A bitrate=N/A speed=N/A    
frame=    0 fps=0.0 q=0.0 size=N/A time=N/A bitrate=N/A speed=N/A    
frame=    0 fps=0.0 q=0.0 size=N/A time=N/A bitrate=N/A speed=N/A    
frame=    7 fps=2.3 q=28.0 size=N/A time=00:00:00.00 bitrate=N/A speed=   0x    
frame=   13 fps=3.7 q=28.0 size=N/A time=00:00:00.25 bitrate=N/A speed=0.0714x    
frame=   20 fps=5.0 q=28.0 size=N/A time=00:00:00.54 bitrate=N/A speed=0.135x    
frame=   29 fps=6.4 q=28.0 size=N/A time=00:00:00.91 bitrate=N/A speed=0.204x    
frame=   37 fps=7.4 q=28.0 size=N/A time=00:00:01.25 bitrate=N/A speed=0.25x    
frame=   45 fps=8.2 q=28.0 size=N/A time=00:00:01.58 bitrate=N/A speed=0.288x    
frame=   53 fps=8.8 q=28.0 size=N/A time=00:00:01.91 bitrate=N/A speed=0.319x    
frame=   61 fps=9.4 q=28.0 size=N/A time=00:00:02.25 bitrate=N/A speed=0.346x    
frame=   72 fps= 10 q=28.0 size=N/A time=00:00:02.71 bitrate=N/A speed=0.387x    
[hls @ 0xaaaafae278c0] Opening '/cache/transcodes/57452f885390529b08112e0a295afa640.mp4' for writing
frame=   76 fps= 10 q=28.0 size=N/A time=00:00:02.87 bitrate=N/A speed=0.383x    
frame=   85 fps= 11 q=28.0 size=N/A time=00:00:03.25 bitrate=N/A speed=0.406x    
frame=   92 fps= 11 q=28.0 size=N/A time=00:00:03.54 bitrate=N/A speed=0.417x    
frame=  101 fps= 11 q=28.0 size=N/A time=00:00:03.91 bitrate=N/A speed=0.435x    
frame=  107 fps= 11 q=28.0 size=N/A time=00:00:04.17 bitrate=N/A speed=0.439x    
frame=  109 fps= 11 q=28.0 size=N/A time=00:00:04.25 bitrate=N/A speed=0.425x    
frame=  114 fps= 11 q=28.0 size=N/A time=00:00:04.46 bitrate=N/A speed=0.425x    
frame=  123 fps= 11 q=28.0 size=N/A time=00:00:04.83 bitrate=N/A speed=0.439x    
frame=  135 fps= 12 q=28.0 size=N/A time=00:00:05.33 bitrate=N/A speed=0.464x    
[hls @ 0xaaaafae278c0] Opening '/cache/transcodes/57452f885390529b08112e0a295afa641.mp4' for writing
frame=  146 fps= 12 q=28.0 size=N/A time=00:00:05.79 bitrate=N/A speed=0.482x    
frame=  152 fps= 12 q=28.0 size=N/A time=00:00:06.04 bitrate=N/A speed=0.483x    
frame=  152 fps= 12 q=28.0 size=N/A time=00:00:06.04 bitrate=N/A speed=0.464x    
frame=  156 fps= 12 q=28.0 size=N/A time=00:00:06.21 bitrate=N/A speed=0.459x    
frame=  160 fps= 11 q=28.0 size=N/A time=00:00:06.38 bitrate=N/A speed=0.455x    
frame=  165 fps= 11 q=28.0 size=N/A time=00:00:06.58 bitrate=N/A speed=0.453x    
frame=  166 fps= 11 q=28.0 size=N/A time=00:00:06.63 bitrate=N/A speed=0.441x    
frame=  172 fps= 11 q=28.0 size=N/A time=00:00:06.88 bitrate=N/A speed=0.442x    
frame=  173 fps= 11 q=28.0 size=N/A time=00:00:06.92 bitrate=N/A speed=0.431x    
frame=  177 fps= 11 q=28.0 size=N/A time=00:00:07.08 bitrate=N/A speed=0.428x    

[q] command received. Exiting.
