{"Protocol":0,"Id":"f34f5c6a59b38e8b2e57da39f86b3068","Path":"/media/ram/OnlyFans.2024.Anabel054.Brother.Fucking.Sleeping.Sister.1.XXX.1080p.MP4-P2P[XC]/onlyfans.2024.anabel054.brother.fucking.sleeping.sister.1.xxx.mp4","EncoderPath":null,"EncoderProtocol":null,"Type":0,"Container":"mov,mp4,m4a,3gp,3g2,mj2","Size":274345503,"Name":"onlyfans.2024.anabel054.brother.fucking.sleeping.sister.1.xxx","IsRemote":false,"ETag":"7c217939adef21bb9387395c854e8759","RunTimeTicks":3850659999,"ReadAtNativeFramerate":false,"IgnoreDts":false,"IgnoreIndex":false,"GenPtsInput":false,"SupportsTranscoding":true,"SupportsDirectStream":true,"SupportsDirectPlay":true,"IsInfiniteStream":false,"UseMostCompatibleTranscodingProfile":false,"RequiresOpening":false,"OpenToken":null,"RequiresClosing":false,"LiveStreamId":null,"BufferMs":null,"RequiresLooping":false,"SupportsProbing":true,"VideoType":0,"IsoType":null,"Video3DFormat":null,"MediaStreams":[{"Codec":"h264","CodecTag":"avc1","Language":"und","ColorRange":null,"ColorSpace":"bt709","ColorTransfer":"bt709","ColorPrimaries":"bt709","DvVersionMajor":null,"DvVersionMinor":null,"DvProfile":null,"DvLevel":null,"RpuPresentFlag":null,"ElPresentFlag":null,"BlPresentFlag":null,"DvBlSignalCompatibilityId":null,"Rotation":null,"Comment":null,"TimeBase":"1/90000","CodecTimeBase":null,"Title":null,"VideoRange":1,"VideoRangeType":1,"VideoDoViTitle":null,"AudioSpatialFormat":0,"LocalizedUndefined":null,"LocalizedDefault":null,"LocalizedForced":null,"LocalizedExternal":null,"LocalizedHearingImpaired":null,"DisplayTitle":"1080p H264 SDR","NalLengthSize":"4","IsInterlaced":false,"IsAVC":true,"ChannelLayout":null,"BitRate":5531742,"BitDepth":8,"RefFrames":1,"PacketLength":null,"Channels":null,"SampleRate":null,"IsDefault":true,"IsForced":false,"IsHearingImpaired":false,"Height":1080,"Width":1920,"AverageFrameRate":30,"RealFrameRate":30,"ReferenceFrameRate":30,"Profile":"Main","Type":1,"AspectRatio":"16:9","Index":0,"Score":null,"IsExternal":false,"DeliveryMethod":null,"DeliveryUrl":null,"IsExternalUrl":null,"IsTextSubtitleStream":false,"SupportsExternalStream":false,"Path":null,"PixelFormat":"yuv420p","Level":31,"IsAnamorphic":false},{"Codec":"aac","CodecTag":"mp4a","Language":"und","ColorRange":null,"ColorSpace":null,"ColorTransfer":null,"ColorPrimaries":null,"DvVersionMajor":null,"DvVersionMinor":null,"DvProfile":null,"DvLevel":null,"RpuPresentFlag":null,"ElPresentFlag":null,"BlPresentFlag":null,"DvBlSignalCompatibilityId":null,"Rotation":null,"Comment":null,"TimeBase":"1/44100","CodecTimeBase":null,"Title":null,"VideoRange":0,"VideoRangeType":0,"VideoDoViTitle":null,"AudioSpatialFormat":0,"LocalizedUndefined":null,"LocalizedDefault":"Default","LocalizedForced":null,"LocalizedExternal":"External","LocalizedHearingImpaired":null,"DisplayTitle":"AAC - Stereo - Default","NalLengthSize":null,"IsInterlaced":false,"IsAVC":false,"ChannelLayout":"stereo","BitRate":160006,"BitDepth":null,"RefFrames":null,"PacketLength":null,"Channels":2,"SampleRate":44100,"IsDefault":true,"IsForced":false,"IsHearingImpaired":false,"Height":null,"Width":null,"AverageFrameRate":null,"RealFrameRate":null,"ReferenceFrameRate":null,"Profile":"LC","Type":0,"AspectRatio":null,"Index":1,"Score":null,"IsExternal":false,"DeliveryMethod":null,"DeliveryUrl":null,"IsExternalUrl":null,"IsTextSubtitleStream":false,"SupportsExternalStream":false,"Path":null,"PixelFormat":null,"Level":0,"IsAnamorphic":null}],"MediaAttachments":[],"Formats":[],"Bitrate":5699708,"FallbackMaxStreamingBitrate":null,"Timestamp":null,"RequiredHttpHeaders":{},"TranscodingUrl":null,"TranscodingSubProtocol":0,"TranscodingContainer":null,"AnalyzeDurationMs":null,"DefaultAudioStreamIndex":null,"DefaultSubtitleStreamIndex":null,"HasSegments":false}

/usr/lib/jellyfin-ffmpeg/ffmpeg -analyzeduration 200M -probesize 1G  -i file:"/media/ram/OnlyFans.2024.Anabel054.Brother.Fucking.Sleeping.Sister.1.XXX.1080p.MP4-P2P[XC]/onlyfans.2024.anabel054.brother.fucking.sleeping.sister.1.xxx.mp4" -map_metadata -1 -map_chapters -1 -threads 0 -map 0:0 -map 0:1 -map -0:s -codec:v:0 libx264 -preset veryfast -crf 23 -maxrate 5531742 -bufsize 11063484 -profile:v:0 main -level 31 -x264opts:0 subme=0:me_range=16:rc_lookahead=10:me=hex:open_gop=0 -force_key_frames:0 "expr:gte(t,n_forced*3)" -sc_threshold:v:0 0 -vf "setparams=color_primaries=bt709:color_trc=bt709:colorspace=bt709,scale=trunc(min(max(iw\,ih*a)\,min(1920\,1080*a))/2)*2:trunc(min(max(iw/a\,ih)\,min(1920/a\,1080))/2)*2,format=yuv420p" -codec:a:0 copy -copyts -avoid_negative_ts disabled -max_muxing_queue_size 2048 -f hls -max_delay 5000000 -hls_time 3 -hls_segment_type fmp4 -hls_fmp4_init_filename "7c88096ee10be8a6d5f85c573294e9e2-1.mp4" -start_number 0 -hls_segment_filename "/cache/transcodes/7c88096ee10be8a6d5f85c573294e9e2%d.mp4" -hls_playlist_type vod -hls_list_size 0 -y "/cache/transcodes/7c88096ee10be8a6d5f85c573294e9e2.m3u8"


ffmpeg version 7.0.2-Jellyfin Copyright (c) 2000-2024 the FFmpeg developers
  built with gcc 12 (Debian 12.2.0-14)
  configuration: --prefix=/usr/lib/jellyfin-ffmpeg --target-os=linux --extra-version=Jellyfin --disable-doc --disable-ffplay --disable-ptx-compression --disable-static --disable-libxcb --disable-sdl2 --disable-xlib --enable-lto=auto --enable-gpl --enable-version3 --enable-shared --enable-gmp --enable-gnutls --enable-chromaprint --enable-opencl --enable-libdrm --enable-libxml2 --enable-libass --enable-libfreetype --enable-libfribidi --enable-libfontconfig --enable-libharfbuzz --enable-libbluray --enable-libmp3lame --enable-libopus --enable-libtheora --enable-libvorbis --enable-libopenmpt --enable-libdav1d --enable-libsvtav1 --enable-libwebp --enable-libvpx --enable-libx264 --enable-libx265 --enable-libzvbi --enable-libzimg --enable-libfdk-aac --arch=arm64 --cross-prefix=/usr/bin/aarch64-linux-gnu- --toolchain=hardened --enable-cross-compile --enable-rkmpp --enable-rkrga
  libavutil      59.  8.100 / 59.  8.100
  libavcodec     61.  3.100 / 61.  3.100
  libavformat    61.  1.100 / 61.  1.100
  libavdevice    61.  1.100 / 61.  1.100
  libavfilter    10.  1.100 / 10.  1.100
  libswscale      8.  1.100 /  8.  1.100
  libswresample   5.  1.100 /  5.  1.100
  libpostproc    58.  1.100 / 58.  1.100
Input #0, mov,mp4,m4a,3gp,3g2,mj2, from 'file:/media/ram/OnlyFans.2024.Anabel054.Brother.Fucking.Sleeping.Sister.1.XXX.1080p.MP4-P2P[XC]/onlyfans.2024.anabel054.brother.fucking.sleeping.sister.1.xxx.mp4':
  Metadata:
    major_brand     : isom
    minor_version   : 512
    compatible_brands: isomiso2avc1mp41
    title           : [XXXClub.to]OnlyFans.2024.Anabel054.Brother.Fucking.Sleeping.Sister.1.XXX.1080p.MP4-P2P[XC]
    encoder         : Lavf58.20.100
    comment         : [XXXClub.to]OnlyFans.2024.Anabel054.Brother.Fucking.Sleeping.Sister.1.XXX.1080p.MP4-P2P[XC]
  Duration: 00:06:25.07, start: 0.000000, bitrate: 5699 kb/s
  Stream #0:0[0x1](und): Video: h264 (Main) (avc1 / 0x31637661), yuv420p(tv, bt709, progressive), 1920x1080 [SAR 1:1 DAR 16:9], 5531 kb/s, 30 fps, 30 tbr, 90k tbn (default)
      Metadata:
        handler_name    : VideoHandler
        vendor_id       : [0][0][0][0]
  Stream #0:1[0x2](und): Audio: aac (LC) (mp4a / 0x6134706D), 44100 Hz, stereo, fltp, 160 kb/s (default)
      Metadata:
        handler_name    : SoundHandler
        vendor_id       : [0][0][0][0]
Stream mapping:
  Stream #0:0 -> #0:0 (h264 (native) -> h264 (libx264))
  Stream #0:1 -> #0:1 (copy)
Press [q] to stop, [?] for help
[libx264 @ 0xaaaae988db40] using SAR=1/1
[libx264 @ 0xaaaae988db40] frame MB size (120x68) > level limit (3600)
[libx264 @ 0xaaaae988db40] DPB size (4 frames, 32640 mbs) > level limit (2 frames, 18000 mbs)
[libx264 @ 0xaaaae988db40] MB rate (244800) > level limit (108000)
[libx264 @ 0xaaaae988db40] using cpu capabilities: ARMv8 NEON
[libx264 @ 0xaaaae988db40] profile Main, level 3.1, 4:2:0, 8-bit
[libx264 @ 0xaaaae988db40] 264 - core 164 r3095 baee400 - H.264/MPEG-4 AVC codec - Copyleft 2003-2022 - http://www.videolan.org/x264.html - options: cabac=1 ref=1 deblock=1:0:0 analyse=0x1:0x111 me=hex subme=0 psy=1 psy_rd=1.00:0.00 mixed_ref=0 me_range=16 chroma_me=1 trellis=0 8x8dct=0 cqm=0 deadzone=21,11 fast_pskip=1 chroma_qp_offset=0 threads=6 lookahead_threads=1 sliced_threads=0 nr=0 decimate=1 interlaced=0 bluray_compat=0 constrained_intra=0 bframes=3 b_pyramid=2 b_adapt=1 b_bias=0 direct=1 weightb=1 open_gop=0 weightp=1 keyint=250 keyint_min=25 scenecut=0 intra_refresh=0 rc_lookahead=10 rc=crf mbtree=1 crf=23.0 qcomp=0.60 qpmin=0 qpmax=69 qpstep=4 vbv_maxrate=5531 vbv_bufsize=11063 crf_max=0.0 nal_hrd=none filler=0 ip_ratio=1.40 aq=1:1.00
[hls @ 0xaaaae98e5b80] Opening '/cache/transcodes/7c88096ee10be8a6d5f85c573294e9e2-1.mp4' for writing
Output #0, hls, to '/cache/transcodes/7c88096ee10be8a6d5f85c573294e9e2.m3u8':
  Metadata:
    encoder         : Lavf61.1.100
  Stream #0:0: Video: h264, yuv420p(tv, bt709, progressive), 1920x1080 [SAR 1:1 DAR 16:9], q=2-31, 30 fps, 15360 tbn (default)
      Metadata:
        encoder         : Lavc61.3.100 libx264
      Side data:
        cpb: bitrate max/min/avg: 5531000/0/0 buffer size: 11063000 vbv_delay: N/A
  Stream #0:1: Audio: aac (LC) (mp4a / 0x6134706D), 44100 Hz, stereo, fltp, 160 kb/s (default)
frame=    0 fps=0.0 q=0.0 size=N/A time=N/A bitrate=N/A speed=N/A    
frame=    0 fps=0.0 q=0.0 size=N/A time=N/A bitrate=N/A speed=N/A    
frame=    0 fps=0.0 q=0.0 size=N/A time=N/A bitrate=N/A speed=N/A    
frame=    0 fps=0.0 q=0.0 size=N/A time=N/A bitrate=N/A speed=N/A    
frame=    0 fps=0.0 q=0.0 size=N/A time=N/A bitrate=N/A speed=N/A    
frame=    3 fps=1.0 q=29.0 size=N/A time=00:00:00.00 bitrate=N/A speed=   0x    
frame=    7 fps=2.0 q=29.0 size=N/A time=00:00:00.13 bitrate=N/A speed=0.038x    
frame=   13 fps=3.2 q=29.0 size=N/A time=00:00:00.33 bitrate=N/A speed=0.0831x    
frame=   19 fps=4.2 q=29.0 size=N/A time=00:00:00.53 bitrate=N/A speed=0.118x    
frame=   22 fps=4.4 q=29.0 size=N/A time=00:00:00.63 bitrate=N/A speed=0.126x    
frame=   27 fps=4.9 q=29.0 size=N/A time=00:00:00.80 bitrate=N/A speed=0.145x    
frame=   32 fps=5.3 q=29.0 size=N/A time=00:00:00.96 bitrate=N/A speed=0.161x    
frame=   38 fps=5.8 q=29.0 size=N/A time=00:00:01.16 bitrate=N/A speed=0.179x    
frame=   42 fps=6.0 q=29.0 size=N/A time=00:00:01.30 bitrate=N/A speed=0.185x    
frame=   46 fps=6.1 q=29.0 size=N/A time=00:00:01.43 bitrate=N/A speed=0.191x    
frame=   50 fps=6.2 q=29.0 size=N/A time=00:00:01.56 bitrate=N/A speed=0.195x    
frame=   54 fps=6.3 q=29.0 size=N/A time=00:00:01.70 bitrate=N/A speed= 0.2x    
frame=   59 fps=6.5 q=29.0 size=N/A time=00:00:01.86 bitrate=N/A speed=0.207x    
frame=   66 fps=6.9 q=29.0 size=N/A time=00:00:02.10 bitrate=N/A speed=0.221x    
frame=   74 fps=7.4 q=29.0 size=N/A time=00:00:02.36 bitrate=N/A speed=0.236x    
frame=   83 fps=7.9 q=29.0 size=N/A time=00:00:02.66 bitrate=N/A speed=0.253x    
[hls @ 0xaaaae98e5b80] Opening '/cache/transcodes/7c88096ee10be8a6d5f85c573294e9e20.mp4' for writing
frame=   91 fps=8.3 q=29.0 size=N/A time=00:00:02.93 bitrate=N/A speed=0.266x    
frame=   91 fps=7.9 q=29.0 size=N/A time=00:00:03.03 bitrate=N/A speed=0.263x    
frame=  100 fps=8.3 q=29.0 size=N/A time=00:00:03.23 bitrate=N/A speed=0.269x    
frame=  106 fps=8.5 q=29.0 size=N/A time=00:00:03.43 bitrate=N/A speed=0.274x    
frame=  112 fps=8.6 q=29.0 size=N/A time=00:00:03.63 bitrate=N/A speed=0.279x    

[q] command received. Exiting.

[hls @ 0xaaaae98e5b80] Opening '/cache/transcodes/7c88096ee10be8a6d5f85c573294e9e21.mp4' for writing
[out#0/hls @ 0xaaaae98882a0] video:2771KiB audio:103KiB subtitle:0KiB other streams:0KiB global headers:0KiB muxing overhead: unknown
frame=  161 fps=8.8 q=-1.0 Lsize=N/A time=00:00:05.14 bitrate=N/A dup=3 drop=0 speed=0.282x    
[libx264 @ 0xaaaae988db40] frame I:2     Avg QP:20.21  size: 85634
[libx264 @ 0xaaaae988db40] frame P:43    Avg QP:22.66  size: 32854
[libx264 @ 0xaaaae988db40] frame B:116   Avg QP:23.83  size: 10797
[libx264 @ 0xaaaae988db40] consecutive B-frames:  1.2%  6.2%  5.6% 87.0%
[libx264 @ 0xaaaae988db40] mb I  I16..4: 59.0%  0.0% 41.0%
[libx264 @ 0xaaaae988db40] mb P  I16..4: 44.2%  0.0%  7.3%  P16..4: 29.5% 10.0%  2.9%  0.0%  0.0%    skip: 6.0%
[libx264 @ 0xaaaae988db40] mb B  I16..4:  6.8%  0.0%  0.2%  B16..8: 27.8%  7.2%  0.4%  direct: 9.1%  skip:48.5%  L0:49.3% L1:45.6% BI: 5.2%
[libx264 @ 0xaaaae988db40] coded y,uvDC,uvAC intra: 26.1% 33.1% 0.9% inter: 6.6% 17.8% 0.0%
[libx264 @ 0xaaaae988db40] i16 v,h,dc,p: 33% 19% 30% 18%
[libx264 @ 0xaaaae988db40] i4 v,h,dc,ddl,ddr,vr,hd,vl,hu: 30% 16% 31%  3%  6%  4%  3%  4%  3%
[libx264 @ 0xaaaae988db40] i8c dc,h,v,p: 42% 26% 25%  7%
[libx264 @ 0xaaaae988db40] Weighted P-Frames: Y:16.3% UV:11.6%
[libx264 @ 0xaaaae988db40] kb/s:4228.21