{"Protocol":0,"Id":"4db07da42c7d2d21635ac25d6e393da9","Path":"/media/ram/2014 X-ART/[X-Art] 2013-11-27 Lisa And Bailey - I Want to Tell You [MP4][1920x1080]/x-art_lisa_bailey_i_want_to_tell_you-1080.mp4","EncoderPath":null,"EncoderProtocol":null,"Type":0,"Container":"mov,mp4,m4a,3gp,3g2,mj2","Size":599582678,"Name":"x-art_lisa_bailey_i_want_to_tell_you-1080","IsRemote":false,"ETag":"363e031f5b467e031a278f7704763146","RunTimeTicks":8905600000,"ReadAtNativeFramerate":false,"IgnoreDts":false,"IgnoreIndex":false,"GenPtsInput":false,"SupportsTranscoding":true,"SupportsDirectStream":true,"SupportsDirectPlay":true,"IsInfiniteStream":false,"UseMostCompatibleTranscodingProfile":false,"RequiresOpening":false,"OpenToken":null,"RequiresClosing":false,"LiveStreamId":null,"BufferMs":null,"RequiresLooping":false,"SupportsProbing":true,"VideoType":0,"IsoType":null,"Video3DFormat":null,"MediaStreams":[{"Codec":"mpeg4","CodecTag":"mp4v","Language":"eng","ColorRange":null,"ColorSpace":null,"ColorTransfer":null,"ColorPrimaries":null,"DvVersionMajor":null,"DvVersionMinor":null,"DvProfile":null,"DvLevel":null,"RpuPresentFlag":null,"ElPresentFlag":null,"BlPresentFlag":null,"DvBlSignalCompatibilityId":null,"Rotation":null,"Comment":null,"TimeBase":"1/25","CodecTimeBase":null,"Title":null,"VideoRange":1,"VideoRangeType":1,"VideoDoViTitle":null,"AudioSpatialFormat":0,"LocalizedUndefined":null,"LocalizedDefault":null,"LocalizedForced":null,"LocalizedExternal":null,"LocalizedHearingImpaired":null,"DisplayTitle":"1080p MPEG4 SDR","NalLengthSize":null,"IsInterlaced":false,"IsAVC":false,"ChannelLayout":null,"BitRate":5262104,"BitDepth":8,"RefFrames":1,"PacketLength":null,"Channels":null,"SampleRate":null,"IsDefault":true,"IsForced":false,"IsHearingImpaired":false,"Height":1080,"Width":1920,"AverageFrameRate":25,"RealFrameRate":25,"ReferenceFrameRate":25,"Profile":"Simple Profile","Type":1,"AspectRatio":"16:9","Index":0,"Score":null,"IsExternal":false,"DeliveryMethod":null,"DeliveryUrl":null,"IsExternalUrl":null,"IsTextSubtitleStream":false,"SupportsExternalStream":false,"Path":null,"PixelFormat":"yuv420p","Level":1,"IsAnamorphic":false},{"Codec":"aac","CodecTag":"mp4a","Language":"eng","ColorRange":null,"ColorSpace":null,"ColorTransfer":null,"ColorPrimaries":null,"DvVersionMajor":null,"DvVersionMinor":null,"DvProfile":null,"DvLevel":null,"RpuPresentFlag":null,"ElPresentFlag":null,"BlPresentFlag":null,"DvBlSignalCompatibilityId":null,"Rotation":null,"Comment":null,"TimeBase":"1/48000","CodecTimeBase":null,"Title":null,"VideoRange":0,"VideoRangeType":0,"VideoDoViTitle":null,"AudioSpatialFormat":0,"LocalizedUndefined":null,"LocalizedDefault":"Default","LocalizedForced":null,"LocalizedExternal":"External","LocalizedHearingImpaired":null,"DisplayTitle":"English - AAC - Stereo - Default","NalLengthSize":null,"IsInterlaced":false,"IsAVC":false,"ChannelLayout":"stereo","BitRate":119435,"BitDepth":null,"RefFrames":null,"PacketLength":null,"Channels":2,"SampleRate":48000,"IsDefault":true,"IsForced":false,"IsHearingImpaired":false,"Height":null,"Width":null,"AverageFrameRate":null,"RealFrameRate":null,"ReferenceFrameRate":null,"Profile":"LC","Type":0,"AspectRatio":null,"Index":1,"Score":null,"IsExternal":false,"DeliveryMethod":null,"DeliveryUrl":null,"IsExternalUrl":null,"IsTextSubtitleStream":false,"SupportsExternalStream":false,"Path":null,"PixelFormat":null,"Level":0,"IsAnamorphic":null}],"MediaAttachments":[],"Formats":[],"Bitrate":5386118,"FallbackMaxStreamingBitrate":null,"Timestamp":null,"RequiredHttpHeaders":{},"TranscodingUrl":null,"TranscodingSubProtocol":0,"TranscodingContainer":null,"AnalyzeDurationMs":null,"DefaultAudioStreamIndex":null,"DefaultSubtitleStreamIndex":null,"HasSegments":false}

/usr/lib/jellyfin-ffmpeg/ffmpeg -analyzeduration 200M -probesize 1G  -i file:"/media/ram/2014 X-ART/[X-Art] 2013-11-27 Lisa And Bailey - I Want to Tell You [MP4][1920x1080]/x-art_lisa_bailey_i_want_to_tell_you-1080.mp4" -map_metadata -1 -map_chapters -1 -threads 0 -map 0:0 -map 0:1 -map -0:s -codec:v:0 libx264 -preset veryfast -crf 23 -maxrate 5262104 -bufsize 10524208 -profile:v:0 high -level 51 -x264opts:0 subme=0:me_range=16:rc_lookahead=10:me=hex:open_gop=0 -force_key_frames:0 "expr:gte(t,n_forced*3)" -sc_threshold:v:0 0 -vf "setparams=color_primaries=bt709:color_trc=bt709:colorspace=bt709,scale=trunc(min(max(iw\,ih*a)\,min(1920\,1080*a))/2)*2:trunc(min(max(iw/a\,ih)\,min(1920/a\,1080))/2)*2,format=yuv420p" -codec:a:0 copy -copyts -avoid_negative_ts disabled -max_muxing_queue_size 2048 -f hls -max_delay 5000000 -hls_time 3 -hls_segment_type fmp4 -hls_fmp4_init_filename "9672dfefeab4af496be7964dae9a876b-1.mp4" -start_number 0 -hls_segment_filename "/cache/transcodes/9672dfefeab4af496be7964dae9a876b%d.mp4" -hls_playlist_type vod -hls_list_size 0 -y "/cache/transcodes/9672dfefeab4af496be7964dae9a876b.m3u8"


ffmpeg version 7.0.2-Jellyfin Copyright (c) 2000-2024 the FFmpeg developers
  built with gcc 12 (Debian 12.2.0-14)
  configuration: --prefix=/usr/lib/jellyfin-ffmpeg --target-os=linux --extra-version=Jellyfin --disable-doc --disable-ffplay --disable-ptx-compression --disable-static --disable-libxcb --disable-sdl2 --disable-xlib --enable-lto=auto --enable-gpl --enable-version3 --enable-shared --enable-gmp --enable-gnutls --enable-chromaprint --enable-opencl --enable-libdrm --enable-libxml2 --enable-libass --enable-libfreetype --enable-libfribidi --enable-libfontconfig --enable-libharfbuzz --enable-libbluray --enable-libmp3lame --enable-libopus --enable-libtheora --enable-libvorbis --enable-libopenmpt --enable-libdav1d --enable-libsvtav1 --enable-libwebp --enable-libvpx --enable-libx264 --enable-libx265 --enable-libzvbi --enable-libzimg --enable-libfdk-aac --arch=arm64 --cross-prefix=/usr/bin/aarch64-linux-gnu- --toolchain=hardened --enable-cross-compile --enable-rkmpp --enable-rkrga
  libavutil      59.  8.100 / 59.  8.100
  libavcodec     61.  3.100 / 61.  3.100
  libavformat    61.  1.100 / 61.  1.100
  libavdevice    61.  1.100 / 61.  1.100
  libavfilter    10.  1.100 / 10.  1.100
  libswscale      8.  1.100 /  8.  1.100
  libswresample   5.  1.100 /  5.  1.100
  libpostproc    58.  1.100 / 58.  1.100
Input #0, mov,mp4,m4a,3gp,3g2,mj2, from 'file:/media/ram/2014 X-ART/[X-Art] 2013-11-27 Lisa And Bailey - I Want to Tell You [MP4][1920x1080]/x-art_lisa_bailey_i_want_to_tell_you-1080.mp4':
  Metadata:
    major_brand     : isom
    minor_version   : 512
    compatible_brands: isomiso2mp41
    encoder         : Lavf54.22.100
  Duration: 00:14:50.56, start: 0.000000, bitrate: 5386 kb/s
  Stream #0:0[0x1](eng): Video: mpeg4 (Simple Profile) (mp4v / 0x7634706D), yuv420p, 1920x1080 [SAR 1:1 DAR 16:9], 5262 kb/s, 25 fps, 25 tbr, 25 tbn (default)
      Metadata:
        handler_name    : VideoHandler
        vendor_id       : [0][0][0][0]
  Stream #0:1[0x2](eng): Audio: aac (LC) (mp4a / 0x6134706D), 48000 Hz, stereo, fltp, 119 kb/s (default)
      Metadata:
        handler_name    : SoundHandler
        vendor_id       : [0][0][0][0]
Stream mapping:
  Stream #0:0 -> #0:0 (mpeg4 (native) -> h264 (libx264))
  Stream #0:1 -> #0:1 (copy)
Press [q] to stop, [?] for help
[libx264 @ 0xaaaabf4cc370] using SAR=1/1
[libx264 @ 0xaaaabf4cc370] using cpu capabilities: ARMv8 NEON
[libx264 @ 0xaaaabf4cc370] profile High, level 5.1, 4:2:0, 8-bit
[libx264 @ 0xaaaabf4cc370] 264 - core 164 r3095 baee400 - H.264/MPEG-4 AVC codec - Copyleft 2003-2022 - http://www.videolan.org/x264.html - options: cabac=1 ref=1 deblock=1:0:0 analyse=0x3:0x113 me=hex subme=0 psy=1 psy_rd=1.00:0.00 mixed_ref=0 me_range=16 chroma_me=1 trellis=0 8x8dct=1 cqm=0 deadzone=21,11 fast_pskip=1 chroma_qp_offset=0 threads=6 lookahead_threads=1 sliced_threads=0 nr=0 decimate=1 interlaced=0 bluray_compat=0 constrained_intra=0 bframes=3 b_pyramid=2 b_adapt=1 b_bias=0 direct=1 weightb=1 open_gop=0 weightp=1 keyint=250 keyint_min=25 scenecut=0 intra_refresh=0 rc_lookahead=10 rc=crf mbtree=1 crf=23.0 qcomp=0.60 qpmin=0 qpmax=69 qpstep=4 vbv_maxrate=5262 vbv_bufsize=10524 crf_max=0.0 nal_hrd=none filler=0 ip_ratio=1.40 aq=1:1.00
[hls @ 0xaaaabf4f5600] Opening '/cache/transcodes/9672dfefeab4af496be7964dae9a876b-1.mp4' for writing
Output #0, hls, to '/cache/transcodes/9672dfefeab4af496be7964dae9a876b.m3u8':
  Metadata:
    encoder         : Lavf61.1.100
  Stream #0:0: Video: h264, yuv420p(bt709, progressive), 1920x1080 [SAR 1:1 DAR 16:9], q=2-31, 25 fps, 12800 tbn (default)
      Metadata:
        encoder         : Lavc61.3.100 libx264
      Side data:
        cpb: bitrate max/min/avg: 5262000/0/0 buffer size: 10524000 vbv_delay: N/A
  Stream #0:1: Audio: aac (LC) (mp4a / 0x6134706D), 48000 Hz, stereo, fltp, 119 kb/s (default)
frame=    0 fps=0.0 q=0.0 size=N/A time=N/A bitrate=N/A speed=N/A    
frame=    0 fps=0.0 q=0.0 size=N/A time=N/A bitrate=N/A speed=N/A    
frame=   19 fps= 13 q=28.0 size=N/A time=00:00:00.00 bitrate=N/A speed=   0x    
frame=   40 fps= 20 q=28.0 size=N/A time=00:00:00.84 bitrate=N/A speed=0.42x    
frame=   75 fps= 30 q=28.0 size=N/A time=00:00:02.24 bitrate=N/A speed=0.895x    
[hls @ 0xaaaabf4f5600] Opening '/cache/transcodes/9672dfefeab4af496be7964dae9a876b0.mp4' for writing
frame=  101 fps= 34 q=28.0 size=N/A time=00:00:03.28 bitrate=N/A speed=1.09x    
frame=  118 fps= 34 q=28.0 size=N/A time=00:00:03.96 bitrate=N/A speed=1.13x    
frame=  122 fps= 30 q=28.0 size=N/A time=00:00:04.12 bitrate=N/A speed=1.03x    
frame=  128 fps= 28 q=28.0 size=N/A time=00:00:04.36 bitrate=N/A speed=0.968x    
frame=  137 fps= 27 q=28.0 size=N/A time=00:00:04.72 bitrate=N/A speed=0.943x    
frame=  142 fps= 26 q=28.0 size=N/A time=00:00:04.92 bitrate=N/A speed=0.893x    
[hls @ 0xaaaabf4f5600] Opening '/cache/transcodes/9672dfefeab4af496be7964dae9a876b1.mp4' for writing
frame=  151 fps= 25 q=28.0 size=N/A time=00:00:05.28 bitrate=N/A speed=0.879x    

[q] command received. Exiting.

[hls @ 0xaaaabf4f5600] Opening '/cache/transcodes/9672dfefeab4af496be7964dae9a876b2.mp4' for writing
[out#0/hls @ 0xaaaabf4ca2a0] video:752KiB audio:124KiB subtitle:0KiB other streams:0KiB global headers:0KiB muxing overhead: unknown
frame=  199 fps= 23 q=-1.0 Lsize=N/A time=00:00:07.20 bitrate=N/A speed=0.846x    
[libx264 @ 0xaaaabf4cc370] frame I:3     Avg QP: 7.62  size: 13442
[libx264 @ 0xaaaabf4cc370] frame P:62    Avg QP:17.64  size:  7567
[libx264 @ 0xaaaabf4cc370] frame B:134   Avg QP:19.53  size:  1941
[libx264 @ 0xaaaabf4cc370] consecutive B-frames:  9.0%  2.0%  4.5% 84.4%
[libx264 @ 0xaaaabf4cc370] mb I  I16..4: 82.7% 12.2%  5.1%
[libx264 @ 0xaaaabf4cc370] mb P  I16..4: 13.3%  7.6%  0.5%  P16..4:  8.5%  3.1%  1.0%  0.0%  0.0%    skip:65.9%
[libx264 @ 0xaaaabf4cc370] mb B  I16..4:  2.2%  1.0%  0.0%  B16..8:  2.1%  0.5%  0.1%  direct: 3.7%  skip:90.4%  L0:54.6% L1:35.0% BI:10.4%
[libx264 @ 0xaaaabf4cc370] 8x8 transform intra:31.2% inter:45.6%
[libx264 @ 0xaaaabf4cc370] coded y,uvDC,uvAC intra: 9.8% 15.9% 0.9% inter: 0.7% 5.0% 0.0%
[libx264 @ 0xaaaabf4cc370] i16 v,h,dc,p: 72% 16%  6%  6%
[libx264 @ 0xaaaabf4cc370] i8 v,h,dc,ddl,ddr,vr,hd,vl,hu: 18% 18% 38%  3%  7%  5%  5%  2%  5%
[libx264 @ 0xaaaabf4cc370] i4 v,h,dc,ddl,ddr,vr,hd,vl,hu: 36% 24% 27%  2%  4%  2%  2%  1%  3%
[libx264 @ 0xaaaabf4cc370] i8c dc,h,v,p: 66% 17% 15%  3%
[libx264 @ 0xaaaabf4cc370] Weighted P-Frames: Y:50.0% UV:19.4%
[libx264 @ 0xaaaabf4cc370] kb/s:773.48