{"Protocol":0,"Id":"97592a483e2806506ae7b159431f3d6f","Path":"/media/ram/2014 X-ART/[X-Art] 2014-02-20 Silvie, Anjelica - Just The Three Of Us [mp4][1920x1080]/X-Art - Susie, Anjelica - Just The Three Of Us 1080p.mp4","EncoderPath":null,"EncoderProtocol":null,"Type":0,"Container":"mov,mp4,m4a,3gp,3g2,mj2","Size":1073958022,"Name":"X-Art - Susie, Anjelica - Just The Three Of Us 1080p","IsRemote":false,"ETag":"400bb7286c2755657d3338893bfc5e67","RunTimeTicks":10077564640,"ReadAtNativeFramerate":false,"IgnoreDts":false,"IgnoreIndex":false,"GenPtsInput":false,"SupportsTranscoding":true,"SupportsDirectStream":true,"SupportsDirectPlay":true,"IsInfiniteStream":false,"UseMostCompatibleTranscodingProfile":false,"RequiresOpening":false,"OpenToken":null,"RequiresClosing":false,"LiveStreamId":null,"BufferMs":null,"RequiresLooping":false,"SupportsProbing":true,"VideoType":0,"IsoType":null,"Video3DFormat":null,"MediaStreams":[{"Codec":"mpeg4","CodecTag":"mp4v","Language":"eng","ColorRange":null,"ColorSpace":null,"ColorTransfer":null,"ColorPrimaries":null,"DvVersionMajor":null,"DvVersionMinor":null,"DvProfile":null,"DvLevel":null,"RpuPresentFlag":null,"ElPresentFlag":null,"BlPresentFlag":null,"DvBlSignalCompatibilityId":null,"Rotation":null,"Comment":null,"TimeBase":"1/1199","CodecTimeBase":null,"Title":null,"VideoRange":1,"VideoRangeType":1,"VideoDoViTitle":null,"AudioSpatialFormat":0,"LocalizedUndefined":null,"LocalizedDefault":null,"LocalizedForced":null,"LocalizedExternal":null,"LocalizedHearingImpaired":null,"DisplayTitle":"1080p MPEG4 SDR","NalLengthSize":null,"IsInterlaced":false,"IsAVC":false,"ChannelLayout":null,"BitRate":8418067,"BitDepth":8,"RefFrames":1,"PacketLength":null,"Channels":null,"SampleRate":null,"IsDefault":true,"IsForced":false,"IsHearingImpaired":false,"Height":1080,"Width":1920,"AverageFrameRate":23.98,"RealFrameRate":23.98,"ReferenceFrameRate":23.98,"Profile":"Simple Profile","Type":1,"AspectRatio":"16:9","Index":0,"Score":null,"IsExternal":false,"DeliveryMethod":null,"DeliveryUrl":null,"IsExternalUrl":null,"IsTextSubtitleStream":false,"SupportsExternalStream":false,"Path":null,"PixelFormat":"yuv420p","Level":1,"IsAnamorphic":false},{"Codec":"aac","CodecTag":"mp4a","Language":"eng","ColorRange":null,"ColorSpace":null,"ColorTransfer":null,"ColorPrimaries":null,"DvVersionMajor":null,"DvVersionMinor":null,"DvProfile":null,"DvLevel":null,"RpuPresentFlag":null,"ElPresentFlag":null,"BlPresentFlag":null,"DvBlSignalCompatibilityId":null,"Rotation":null,"Comment":null,"TimeBase":"1/48000","CodecTimeBase":null,"Title":null,"VideoRange":0,"VideoRangeType":0,"VideoDoViTitle":null,"AudioSpatialFormat":0,"LocalizedUndefined":null,"LocalizedDefault":"Default","LocalizedForced":null,"LocalizedExternal":"External","LocalizedHearingImpaired":null,"DisplayTitle":"English - AAC - Stereo - Default","NalLengthSize":null,"IsInterlaced":false,"IsAVC":false,"ChannelLayout":"stereo","BitRate":103387,"BitDepth":null,"RefFrames":null,"PacketLength":null,"Channels":2,"SampleRate":48000,"IsDefault":true,"IsForced":false,"IsHearingImpaired":false,"Height":null,"Width":null,"AverageFrameRate":null,"RealFrameRate":null,"ReferenceFrameRate":null,"Profile":"LC","Type":0,"AspectRatio":null,"Index":1,"Score":null,"IsExternal":false,"DeliveryMethod":null,"DeliveryUrl":null,"IsExternalUrl":null,"IsTextSubtitleStream":false,"SupportsExternalStream":false,"Path":null,"PixelFormat":null,"Level":0,"IsAnamorphic":null}],"MediaAttachments":[],"Formats":[],"Bitrate":8525536,"FallbackMaxStreamingBitrate":null,"Timestamp":null,"RequiredHttpHeaders":{},"TranscodingUrl":null,"TranscodingSubProtocol":0,"TranscodingContainer":null,"AnalyzeDurationMs":null,"DefaultAudioStreamIndex":null,"DefaultSubtitleStreamIndex":null,"HasSegments":false}

/usr/lib/jellyfin-ffmpeg/ffmpeg -analyzeduration 200M -probesize 1G -ss 00:01:21.000 -noaccurate_seek  -i file:"/media/ram/2014 X-ART/[X-Art] 2014-02-20 Silvie, Anjelica - Just The Three Of Us [mp4][1920x1080]/X-Art - Susie, Anjelica - Just The Three Of Us 1080p.mp4" -map_metadata -1 -map_chapters -1 -threads 0 -map 0:0 -map 0:1 -map -0:s -codec:v:0 libx264 -preset veryfast -crf 23 -maxrate 8418067 -bufsize 16836134 -profile:v:0 high -level 51 -x264opts:0 subme=0:me_range=16:rc_lookahead=10:me=hex:open_gop=0 -force_key_frames:0 "expr:gte(t,n_forced*3)" -sc_threshold:v:0 0 -vf "setparams=color_primaries=bt709:color_trc=bt709:colorspace=bt709,scale=trunc(min(max(iw\,ih*a)\,min(1920\,1080*a))/2)*2:trunc(min(max(iw/a\,ih)\,min(1920/a\,1080))/2)*2,format=yuv420p" -codec:a:0 copy -copyts -avoid_negative_ts disabled -max_muxing_queue_size 2048 -f hls -max_delay 5000000 -hls_time 3 -hls_segment_type fmp4 -hls_fmp4_init_filename "57452f885390529b08112e0a295afa64-1.mp4" -start_number 27 -hls_segment_filename "/cache/transcodes/57452f885390529b08112e0a295afa64%d.mp4" -hls_playlist_type vod -hls_list_size 0 -y "/cache/transcodes/57452f885390529b08112e0a295afa64.m3u8"


ffmpeg version 7.0.2-Jellyfin Copyright (c) 2000-2024 the FFmpeg developers
  built with gcc 12 (Debian 12.2.0-14)
  configuration: --prefix=/usr/lib/jellyfin-ffmpeg --target-os=linux --extra-version=Jellyfin --disable-doc --disable-ffplay --disable-ptx-compression --disable-static --disable-libxcb --disable-sdl2 --disable-xlib --enable-lto=auto --enable-gpl --enable-version3 --enable-shared --enable-gmp --enable-gnutls --enable-chromaprint --enable-opencl --enable-libdrm --enable-libxml2 --enable-libass --enable-libfreetype --enable-libfribidi --enable-libfontconfig --enable-libharfbuzz --enable-libbluray --enable-libmp3lame --enable-libopus --enable-libtheora --enable-libvorbis --enable-libopenmpt --enable-libdav1d --enable-libsvtav1 --enable-libwebp --enable-libvpx --enable-libx264 --enable-libx265 --enable-libzvbi --enable-libzimg --enable-libfdk-aac --arch=arm64 --cross-prefix=/usr/bin/aarch64-linux-gnu- --toolchain=hardened --enable-cross-compile --enable-rkmpp --enable-rkrga
  libavutil      59.  8.100 / 59.  8.100
  libavcodec     61.  3.100 / 61.  3.100
  libavformat    61.  1.100 / 61.  1.100
  libavdevice    61.  1.100 / 61.  1.100
  libavfilter    10.  1.100 / 10.  1.100
  libswscale      8.  1.100 /  8.  1.100
  libswresample   5.  1.100 /  5.  1.100
  libpostproc    58.  1.100 / 58.  1.100
Input #0, mov,mp4,m4a,3gp,3g2,mj2, from 'file:/media/ram/2014 X-ART/[X-Art] 2014-02-20 Silvie, Anjelica - Just The Three Of Us [mp4][1920x1080]/X-Art - Susie, Anjelica - Just The Three Of Us 1080p.mp4':
  Metadata:
    major_brand     : isom
    minor_version   : 512
    compatible_brands: isomiso2mp41
    encoder         : Lavf54.22.100
  Duration: 00:16:47.76, start: 0.000000, bitrate: 8525 kb/s
  Stream #0:0[0x1](eng): Video: mpeg4 (Simple Profile) (mp4v / 0x7634706D), yuv420p, 1920x1080 [SAR 1:1 DAR 16:9], 8418 kb/s, 23.98 fps, 23.98 tbr, 1199 tbn (default)
      Metadata:
        handler_name    : VideoHandler
        vendor_id       : [0][0][0][0]
  Stream #0:1[0x2](eng): Audio: aac (LC) (mp4a / 0x6134706D), 48000 Hz, stereo, fltp, 103 kb/s (default)
      Metadata:
        handler_name    : SoundHandler
        vendor_id       : [0][0][0][0]
Stream mapping:
  Stream #0:0 -> #0:0 (mpeg4 (native) -> h264 (libx264))
  Stream #0:1 -> #0:1 (copy)
Press [q] to stop, [?] for help
[libx264 @ 0xaaab0ef98670] using SAR=1/1
[libx264 @ 0xaaab0ef98670] using cpu capabilities: ARMv8 NEON
[libx264 @ 0xaaab0ef98670] profile High, level 5.1, 4:2:0, 8-bit
[libx264 @ 0xaaab0ef98670] 264 - core 164 r3095 baee400 - H.264/MPEG-4 AVC codec - Copyleft 2003-2022 - http://www.videolan.org/x264.html - options: cabac=1 ref=1 deblock=1:0:0 analyse=0x3:0x113 me=hex subme=0 psy=1 psy_rd=1.00:0.00 mixed_ref=0 me_range=16 chroma_me=1 trellis=0 8x8dct=1 cqm=0 deadzone=21,11 fast_pskip=1 chroma_qp_offset=0 threads=6 lookahead_threads=1 sliced_threads=0 nr=0 decimate=1 interlaced=0 bluray_compat=0 constrained_intra=0 bframes=3 b_pyramid=2 b_adapt=1 b_bias=0 direct=1 weightb=1 open_gop=0 weightp=1 keyint=250 keyint_min=23 scenecut=0 intra_refresh=0 rc_lookahead=10 rc=crf mbtree=1 crf=23.0 qcomp=0.60 qpmin=0 qpmax=69 qpstep=4 vbv_maxrate=8418 vbv_bufsize=16836 crf_max=0.0 nal_hrd=none filler=0 ip_ratio=1.40 aq=1:1.00
[hls @ 0xaaab0ef97900] Opening '/cache/transcodes/57452f885390529b08112e0a295afa64-1.mp4' for writing
Output #0, hls, to '/cache/transcodes/57452f885390529b08112e0a295afa64.m3u8':
  Metadata:
    encoder         : Lavf61.1.100
  Stream #0:0: Video: h264, yuv420p(bt709, progressive), 1920x1080 [SAR 1:1 DAR 16:9], q=2-31, 23.98 fps, 19184 tbn (default)
      Metadata:
        encoder         : Lavc61.3.100 libx264
      Side data:
        cpb: bitrate max/min/avg: 8418000/0/0 buffer size: 16836000 vbv_delay: N/A
  Stream #0:1: Audio: aac (LC) (mp4a / 0x6134706D), 48000 Hz, stereo, fltp, 103 kb/s (default)
frame=    0 fps=0.0 q=0.0 size=N/A time=N/A bitrate=N/A speed=N/A    
frame=    0 fps=0.0 q=0.0 size=N/A time=N/A bitrate=N/A speed=N/A    
frame=    6 fps=3.0 q=28.0 size=N/A time=00:00:00.00 bitrate=N/A speed=   0x    
frame=    9 fps=3.6 q=28.0 size=N/A time=00:00:00.12 bitrate=N/A speed=0.05x    
frame=   16 fps=5.3 q=28.0 size=N/A time=00:00:00.41 bitrate=N/A speed=0.139x    
frame=   17 fps=4.9 q=28.0 size=N/A time=00:00:00.45 bitrate=N/A speed=0.131x    
frame=   21 fps=5.2 q=28.0 size=N/A time=00:00:00.62 bitrate=N/A speed=0.156x    
frame=   25 fps=5.5 q=28.0 size=N/A time=00:00:00.79 bitrate=N/A speed=0.176x    
frame=   32 fps=6.4 q=28.0 size=N/A time=00:00:01.08 bitrate=N/A speed=0.216x    
frame=   36 fps=6.5 q=28.0 size=N/A time=00:00:01.25 bitrate=N/A speed=0.227x    
frame=   40 fps=6.7 q=28.0 size=N/A time=00:00:01.41 bitrate=N/A speed=0.236x    
frame=   40 fps=6.1 q=28.0 size=N/A time=00:00:01.41 bitrate=N/A speed=0.218x    
frame=   40 fps=5.7 q=28.0 size=N/A time=00:00:01.41 bitrate=N/A speed=0.202x    
frame=   44 fps=5.9 q=28.0 size=N/A time=00:00:01.58 bitrate=N/A speed=0.211x    
frame=   48 fps=6.0 q=28.0 size=N/A time=00:00:01.75 bitrate=N/A speed=0.218x    
frame=   48 fps=5.6 q=28.0 size=N/A time=00:00:01.75 bitrate=N/A speed=0.206x    
frame=   49 fps=5.4 q=28.0 size=N/A time=00:00:01.79 bitrate=N/A speed=0.199x    
frame=   49 fps=5.1 q=28.0 size=N/A time=00:00:01.79 bitrate=N/A speed=0.188x    
frame=   52 fps=5.2 q=28.0 size=N/A time=00:00:01.91 bitrate=N/A speed=0.191x    
frame=   54 fps=5.1 q=28.0 size=N/A time=00:00:02.00 bitrate=N/A speed=0.19x    
frame=   56 fps=5.1 q=28.0 size=N/A time=00:00:02.08 bitrate=N/A speed=0.189x    
frame=   57 fps=4.9 q=28.0 size=N/A time=00:00:02.12 bitrate=N/A speed=0.184x    
frame=   60 fps=5.0 q=28.0 size=N/A time=00:00:02.25 bitrate=N/A speed=0.187x    
frame=   61 fps=4.9 q=28.0 size=N/A time=00:00:02.29 bitrate=N/A speed=0.183x    
frame=   62 fps=4.8 q=28.0 size=N/A time=00:00:02.33 bitrate=N/A speed=0.179x    
frame=   66 fps=4.9 q=28.0 size=N/A time=00:00:02.50 bitrate=N/A speed=0.185x    
frame=   67 fps=4.8 q=28.0 size=N/A time=00:00:02.54 bitrate=N/A speed=0.181x    
frame=   70 fps=4.8 q=28.0 size=N/A time=00:00:02.66 bitrate=N/A speed=0.183x    
frame=   72 fps=4.8 q=28.0 size=N/A time=00:00:02.75 bitrate=N/A speed=0.183x    
[hls @ 0xaaab0ef97900] Opening '/cache/transcodes/57452f885390529b08112e0a295afa6427.mp4' for writing
frame=   73 fps=4.7 q=28.0 size=N/A time=00:00:02.87 bitrate=N/A speed=0.185x    

[q] command received. Exiting.

[hls @ 0xaaab0ef97900] Opening '/cache/transcodes/57452f885390529b08112e0a295afa6428.mp4' for writing
[out#0/hls @ 0xaaab0ef912e0] video:1809KiB audio:76KiB subtitle:0KiB other streams:0KiB global headers:0KiB muxing overhead: unknown
frame=  114 fps=5.7 q=-1.0 Lsize=N/A time=00:00:04.50 bitrate=N/A speed=0.223x    
[libx264 @ 0xaaab0ef98670] frame I:2     Avg QP:18.56  size: 82787
[libx264 @ 0xaaab0ef98670] frame P:29    Avg QP:20.45  size: 35067
[libx264 @ 0xaaab0ef98670] frame B:83    Avg QP:22.18  size:  8065
[libx264 @ 0xaaab0ef98670] consecutive B-frames:  2.6%  0.0%  2.6% 94.7%
[libx264 @ 0xaaab0ef98670] mb I  I16..4: 18.3% 53.8% 27.9%
[libx264 @ 0xaaab0ef98670] mb P  I16..4: 11.2% 31.2%  2.3%  P16..4: 23.4%  9.8%  3.9%  0.0%  0.0%    skip:18.2%
[libx264 @ 0xaaab0ef98670] mb B  I16..4:  1.9%  1.7%  0.0%  B16..8: 19.0%  4.9%  0.4%  direct: 7.5%  skip:64.6%  L0:47.8% L1:42.4% BI: 9.8%
[libx264 @ 0xaaab0ef98670] 8x8 transform intra:64.2% inter:56.2%
[libx264 @ 0xaaab0ef98670] coded y,uvDC,uvAC intra: 40.6% 41.9% 2.5% inter: 4.3% 13.3% 0.0%
[libx264 @ 0xaaab0ef98670] i16 v,h,dc,p: 39% 22% 19% 20%
[libx264 @ 0xaaab0ef98670] i8 v,h,dc,ddl,ddr,vr,hd,vl,hu: 19% 14% 25%  5%  8%  8%  6%  8%  7%
[libx264 @ 0xaaab0ef98670] i4 v,h,dc,ddl,ddr,vr,hd,vl,hu: 26% 17% 20%  5%  8%  6%  5%  7%  6%
[libx264 @ 0xaaab0ef98670] i8c dc,h,v,p: 41% 24% 27%  9%
[libx264 @ 0xaaab0ef98670] Weighted P-Frames: Y:3.4% UV:0.0%
[libx264 @ 0xaaab0ef98670] kb/s:3116.43