{"Protocol":0,"Id":"f540d261f187196f888b7130c1eed50b","Path":"/media/ram/2014 X-ART/[X-Art] 2014-06-13 - Misty - Enjoy My Backdoor [mp4][1920x1080]/x-art_misty_enjoy_my_backdoor_1080.mp4","EncoderPath":null,"EncoderProtocol":null,"Type":0,"Container":"mov,mp4,m4a,3gp,3g2,mj2","Size":1284993169,"Name":"x-art_misty_enjoy_my_backdoor_1080","IsRemote":false,"ETag":"a6d68d80804c29d2c52cd892b85cb16d","RunTimeTicks":12014930000,"ReadAtNativeFramerate":false,"IgnoreDts":false,"IgnoreIndex":false,"GenPtsInput":false,"SupportsTranscoding":true,"SupportsDirectStream":true,"SupportsDirectPlay":true,"IsInfiniteStream":false,"UseMostCompatibleTranscodingProfile":false,"RequiresOpening":false,"OpenToken":null,"RequiresClosing":false,"LiveStreamId":null,"BufferMs":null,"RequiresLooping":false,"SupportsProbing":true,"VideoType":0,"IsoType":null,"Video3DFormat":null,"MediaStreams":[{"Codec":"mpeg4","CodecTag":"mp4v","Language":"eng","ColorRange":null,"ColorSpace":null,"ColorTransfer":null,"ColorPrimaries":null,"DvVersionMajor":null,"DvVersionMinor":null,"DvProfile":null,"DvLevel":null,"RpuPresentFlag":null,"ElPresentFlag":null,"BlPresentFlag":null,"DvBlSignalCompatibilityId":null,"Rotation":null,"Comment":null,"TimeBase":"1/12800","CodecTimeBase":null,"Title":null,"VideoRange":1,"VideoRangeType":1,"VideoDoViTitle":null,"AudioSpatialFormat":0,"LocalizedUndefined":null,"LocalizedDefault":null,"LocalizedForced":null,"LocalizedExternal":null,"LocalizedHearingImpaired":null,"DisplayTitle":"1080p MPEG4 SDR","NalLengthSize":null,"IsInterlaced":false,"IsAVC":false,"ChannelLayout":null,"BitRate":8423922,"BitDepth":8,"RefFrames":1,"PacketLength":null,"Channels":null,"SampleRate":null,"IsDefault":true,"IsForced":false,"IsHearingImpaired":false,"Height":1080,"Width":1920,"AverageFrameRate":25,"RealFrameRate":25,"ReferenceFrameRate":25,"Profile":"Simple Profile","Type":1,"AspectRatio":"16:9","Index":0,"Score":null,"IsExternal":false,"DeliveryMethod":null,"DeliveryUrl":null,"IsExternalUrl":null,"IsTextSubtitleStream":false,"SupportsExternalStream":false,"Path":null,"PixelFormat":"yuv420p","Level":1,"IsAnamorphic":false},{"Codec":"aac","CodecTag":"mp4a","Language":"eng","ColorRange":null,"ColorSpace":null,"ColorTransfer":null,"ColorPrimaries":null,"DvVersionMajor":null,"DvVersionMinor":null,"DvProfile":null,"DvLevel":null,"RpuPresentFlag":null,"ElPresentFlag":null,"BlPresentFlag":null,"DvBlSignalCompatibilityId":null,"Rotation":null,"Comment":null,"TimeBase":"1/48000","CodecTimeBase":null,"Title":null,"VideoRange":0,"VideoRangeType":0,"VideoDoViTitle":null,"AudioSpatialFormat":0,"LocalizedUndefined":null,"LocalizedDefault":"Default","LocalizedForced":null,"LocalizedExternal":"External","LocalizedHearingImpaired":null,"DisplayTitle":"English - AAC - Stereo - Default","NalLengthSize":null,"IsInterlaced":false,"IsAVC":false,"ChannelLayout":"stereo","BitRate":127566,"BitDepth":null,"RefFrames":null,"PacketLength":null,"Channels":2,"SampleRate":48000,"IsDefault":true,"IsForced":false,"IsHearingImpaired":false,"Height":null,"Width":null,"AverageFrameRate":null,"RealFrameRate":null,"ReferenceFrameRate":null,"Profile":"LC","Type":0,"AspectRatio":null,"Index":1,"Score":null,"IsExternal":false,"DeliveryMethod":null,"DeliveryUrl":null,"IsExternalUrl":null,"IsTextSubtitleStream":false,"SupportsExternalStream":false,"Path":null,"PixelFormat":null,"Level":0,"IsAnamorphic":null}],"MediaAttachments":[],"Formats":[],"Bitrate":8555976,"FallbackMaxStreamingBitrate":null,"Timestamp":null,"RequiredHttpHeaders":{},"TranscodingUrl":null,"TranscodingSubProtocol":0,"TranscodingContainer":null,"AnalyzeDurationMs":null,"DefaultAudioStreamIndex":null,"DefaultSubtitleStreamIndex":null,"HasSegments":false}

/usr/lib/jellyfin-ffmpeg/ffmpeg -analyzeduration 200M -probesize 1G -ss 00:04:57.000 -noaccurate_seek  -i file:"/media/ram/2014 X-ART/[X-Art] 2014-06-13 - Misty - Enjoy My Backdoor [mp4][1920x1080]/x-art_misty_enjoy_my_backdoor_1080.mp4" -map_metadata -1 -map_chapters -1 -threads 0 -map 0:0 -map 0:1 -map -0:s -codec:v:0 libx264 -preset veryfast -crf 23 -maxrate 8423922 -bufsize 16847844 -profile:v:0 high -level 51 -x264opts:0 subme=0:me_range=16:rc_lookahead=10:me=hex:open_gop=0 -force_key_frames:0 "expr:gte(t,n_forced*3)" -sc_threshold:v:0 0 -vf "setparams=color_primaries=bt709:color_trc=bt709:colorspace=bt709,scale=trunc(min(max(iw\,ih*a)\,min(1920\,1080*a))/2)*2:trunc(min(max(iw/a\,ih)\,min(1920/a\,1080))/2)*2,format=yuv420p" -codec:a:0 copy -copyts -avoid_negative_ts disabled -max_muxing_queue_size 2048 -f hls -max_delay 5000000 -hls_time 3 -hls_segment_type fmp4 -hls_fmp4_init_filename "1a9e21255d217d232cb0ee77bf70bdf1-1.mp4" -start_number 99 -hls_segment_filename "/cache/transcodes/1a9e21255d217d232cb0ee77bf70bdf1%d.mp4" -hls_playlist_type vod -hls_list_size 0 -y "/cache/transcodes/1a9e21255d217d232cb0ee77bf70bdf1.m3u8"


ffmpeg version 7.0.2-Jellyfin Copyright (c) 2000-2024 the FFmpeg developers
  built with gcc 12 (Debian 12.2.0-14)
  configuration: --prefix=/usr/lib/jellyfin-ffmpeg --target-os=linux --extra-version=Jellyfin --disable-doc --disable-ffplay --disable-ptx-compression --disable-static --disable-libxcb --disable-sdl2 --disable-xlib --enable-lto=auto --enable-gpl --enable-version3 --enable-shared --enable-gmp --enable-gnutls --enable-chromaprint --enable-opencl --enable-libdrm --enable-libxml2 --enable-libass --enable-libfreetype --enable-libfribidi --enable-libfontconfig --enable-libharfbuzz --enable-libbluray --enable-libmp3lame --enable-libopus --enable-libtheora --enable-libvorbis --enable-libopenmpt --enable-libdav1d --enable-libsvtav1 --enable-libwebp --enable-libvpx --enable-libx264 --enable-libx265 --enable-libzvbi --enable-libzimg --enable-libfdk-aac --arch=arm64 --cross-prefix=/usr/bin/aarch64-linux-gnu- --toolchain=hardened --enable-cross-compile --enable-rkmpp --enable-rkrga
  libavutil      59.  8.100 / 59.  8.100
  libavcodec     61.  3.100 / 61.  3.100
  libavformat    61.  1.100 / 61.  1.100
  libavdevice    61.  1.100 / 61.  1.100
  libavfilter    10.  1.100 / 10.  1.100
  libswscale      8.  1.100 /  8.  1.100
  libswresample   5.  1.100 /  5.  1.100
  libpostproc    58.  1.100 / 58.  1.100
Input #0, mov,mp4,m4a,3gp,3g2,mj2, from 'file:/media/ram/2014 X-ART/[X-Art] 2014-06-13 - Misty - Enjoy My Backdoor [mp4][1920x1080]/x-art_misty_enjoy_my_backdoor_1080.mp4':
  Metadata:
    major_brand     : isom
    minor_version   : 512
    compatible_brands: isomiso2mp41
    encoder         : Lavf55.33.101
  Duration: 00:20:01.49, start: 0.000000, bitrate: 8555 kb/s
  Stream #0:0[0x1](eng): Video: mpeg4 (Simple Profile) (mp4v / 0x7634706D), yuv420p, 1920x1080 [SAR 1:1 DAR 16:9], 8423 kb/s, 25 fps, 25 tbr, 12800 tbn (default)
      Metadata:
        handler_name    : VideoHandler
        vendor_id       : [0][0][0][0]
  Stream #0:1[0x2](eng): Audio: aac (LC) (mp4a / 0x6134706D), 48000 Hz, stereo, fltp, 127 kb/s (default)
      Metadata:
        handler_name    : SoundHandler
        vendor_id       : [0][0][0][0]
Stream mapping:
  Stream #0:0 -> #0:0 (mpeg4 (native) -> h264 (libx264))
  Stream #0:1 -> #0:1 (copy)
Press [q] to stop, [?] for help
[libx264 @ 0xaaaac5286c90] using SAR=1/1
[libx264 @ 0xaaaac5286c90] using cpu capabilities: ARMv8 NEON
[libx264 @ 0xaaaac5286c90] profile High, level 5.1, 4:2:0, 8-bit
[libx264 @ 0xaaaac5286c90] 264 - core 164 r3095 baee400 - H.264/MPEG-4 AVC codec - Copyleft 2003-2022 - http://www.videolan.org/x264.html - options: cabac=1 ref=1 deblock=1:0:0 analyse=0x3:0x113 me=hex subme=0 psy=1 psy_rd=1.00:0.00 mixed_ref=0 me_range=16 chroma_me=1 trellis=0 8x8dct=1 cqm=0 deadzone=21,11 fast_pskip=1 chroma_qp_offset=0 threads=6 lookahead_threads=1 sliced_threads=0 nr=0 decimate=1 interlaced=0 bluray_compat=0 constrained_intra=0 bframes=3 b_pyramid=2 b_adapt=1 b_bias=0 direct=1 weightb=1 open_gop=0 weightp=1 keyint=250 keyint_min=25 scenecut=0 intra_refresh=0 rc_lookahead=10 rc=crf mbtree=1 crf=23.0 qcomp=0.60 qpmin=0 qpmax=69 qpstep=4 vbv_maxrate=8423 vbv_bufsize=16847 crf_max=0.0 nal_hrd=none filler=0 ip_ratio=1.40 aq=1:1.00
[hls @ 0xaaaac52b0010] Opening '/cache/transcodes/1a9e21255d217d232cb0ee77bf70bdf1-1.mp4' for writing
Output #0, hls, to '/cache/transcodes/1a9e21255d217d232cb0ee77bf70bdf1.m3u8':
  Metadata:
    encoder         : Lavf61.1.100
  Stream #0:0: Video: h264, yuv420p(bt709, progressive), 1920x1080 [SAR 1:1 DAR 16:9], q=2-31, 25 fps, 12800 tbn (default)
      Metadata:
        encoder         : Lavc61.3.100 libx264
      Side data:
        cpb: bitrate max/min/avg: 8423000/0/0 buffer size: 16847000 vbv_delay: N/A
  Stream #0:1: Audio: aac (LC) (mp4a / 0x6134706D), 48000 Hz, stereo, fltp, 127 kb/s (default)
frame=    0 fps=0.0 q=0.0 size=N/A time=N/A bitrate=N/A speed=N/A    
frame=   10 fps= 10 q=28.0 size=N/A time=00:00:00.00 bitrate=N/A speed=   0x    
frame=   18 fps= 12 q=28.0 size=N/A time=00:00:00.32 bitrate=N/A speed=0.213x    
frame=   29 fps= 14 q=28.0 size=N/A time=00:00:00.76 bitrate=N/A speed=0.38x    
frame=   38 fps= 15 q=28.0 size=N/A time=00:00:01.12 bitrate=N/A speed=0.448x    
frame=   54 fps= 18 q=28.0 size=N/A time=00:00:01.76 bitrate=N/A speed=0.586x    
frame=   65 fps= 18 q=28.0 size=N/A time=00:00:02.20 bitrate=N/A speed=0.625x    
[hls @ 0xaaaac52b0010] Opening '/cache/transcodes/1a9e21255d217d232cb0ee77bf70bdf199.mp4' for writing
frame=   76 fps= 19 q=28.0 size=N/A time=00:00:02.68 bitrate=N/A speed=0.666x    
frame=   87 fps= 19 q=28.0 size=N/A time=00:00:03.08 bitrate=N/A speed=0.681x    
frame=   97 fps= 19 q=28.0 size=N/A time=00:00:03.48 bitrate=N/A speed=0.692x    
frame=  111 fps= 20 q=28.0 size=N/A time=00:00:04.04 bitrate=N/A speed=0.731x    
frame=  121 fps= 20 q=28.0 size=N/A time=00:00:04.44 bitrate=N/A speed=0.737x    
frame=  137 fps= 21 q=28.0 size=N/A time=00:00:05.08 bitrate=N/A speed=0.778x    
[hls @ 0xaaaac52b0010] Opening '/cache/transcodes/1a9e21255d217d232cb0ee77bf70bdf1100.mp4' for writing
frame=  151 fps= 21 q=28.0 size=N/A time=00:00:05.68 bitrate=N/A speed=0.808x    
frame=  165 fps= 22 q=28.0 size=N/A time=00:00:06.20 bitrate=N/A speed=0.823x    
frame=  176 fps= 22 q=28.0 size=N/A time=00:00:06.64 bitrate=N/A speed=0.826x    
frame=  188 fps= 22 q=28.0 size=N/A time=00:00:07.12 bitrate=N/A speed=0.834x    
frame=  199 fps= 22 q=28.0 size=N/A time=00:00:07.56 bitrate=N/A speed=0.836x    
frame=  211 fps= 22 q=28.0 size=N/A time=00:00:08.04 bitrate=N/A speed=0.843x    
frame=  223 fps= 22 q=28.0 size=N/A time=00:00:08.52 bitrate=N/A speed=0.848x    
[hls @ 0xaaaac52b0010] Opening '/cache/transcodes/1a9e21255d217d232cb0ee77bf70bdf1101.mp4' for writing
frame=  226 fps= 21 q=28.0 size=N/A time=00:00:08.72 bitrate=N/A speed=0.827x    
frame=  239 fps= 22 q=28.0 size=N/A time=00:00:09.16 bitrate=N/A speed=0.829x    
frame=  246 fps= 21 q=28.0 size=N/A time=00:00:09.44 bitrate=N/A speed=0.818x    
frame=  255 fps= 21 q=28.0 size=N/A time=00:00:09.80 bitrate=N/A speed=0.813x    
frame=  263 fps= 21 q=28.0 size=N/A time=00:00:10.12 bitrate=N/A speed=0.806x    
frame=  272 fps= 21 q=28.0 size=N/A time=00:00:10.48 bitrate=N/A speed=0.803x    
frame=  284 fps= 21 q=28.0 size=N/A time=00:00:10.96 bitrate=N/A speed=0.809x    
frame=  298 fps= 21 q=28.0 size=N/A time=00:00:11.52 bitrate=N/A speed=0.82x    
[hls @ 0xaaaac52b0010] Opening '/cache/transcodes/1a9e21255d217d232cb0ee77bf70bdf1102.mp4' for writing
frame=  301 fps= 21 q=28.0 size=N/A time=00:00:11.72 bitrate=N/A speed=0.805x    
frame=  312 fps= 21 q=28.0 size=N/A time=00:00:12.08 bitrate=N/A speed=0.802x    
frame=  324 fps= 21 q=28.0 size=N/A time=00:00:12.56 bitrate=N/A speed=0.807x    
frame=  336 fps= 21 q=28.0 size=N/A time=00:00:13.04 bitrate=N/A speed=0.812x    
frame=  348 fps= 21 q=28.0 size=N/A time=00:00:13.52 bitrate=N/A speed=0.817x    
frame=  361 fps= 21 q=28.0 size=N/A time=00:00:14.04 bitrate=N/A speed=0.823x    
frame=  370 fps= 21 q=28.0 size=N/A time=00:00:14.40 bitrate=N/A speed=0.82x    
[hls @ 0xaaaac52b0010] Opening '/cache/transcodes/1a9e21255d217d232cb0ee77bf70bdf1103.mp4' for writing
frame=  376 fps= 21 q=28.0 size=N/A time=00:00:14.76 bitrate=N/A speed=0.817x    
frame=  376 fps= 20 q=28.0 size=N/A time=00:00:14.76 bitrate=N/A speed=0.795x    
frame=  384 fps= 20 q=28.0 size=N/A time=00:00:14.96 bitrate=N/A speed=0.784x    
frame=  395 fps= 20 q=28.0 size=N/A time=00:00:15.40 bitrate=N/A speed=0.787x    
frame=  405 fps= 20 q=28.0 size=N/A time=00:00:15.80 bitrate=N/A speed=0.787x    
frame=  418 fps= 20 q=28.0 size=N/A time=00:00:16.36 bitrate=N/A speed=0.795x    
frame=  432 fps= 20 q=28.0 size=N/A time=00:00:16.88 bitrate=N/A speed=0.801x    
frame=  446 fps= 21 q=25.0 size=N/A time=00:00:17.44 bitrate=N/A speed=0.808x    
[hls @ 0xaaaac52b0010] Opening '/cache/transcodes/1a9e21255d217d232cb0ee77bf70bdf1104.mp4' for writing
frame=  451 fps= 20 q=28.0 size=N/A time=00:00:17.72 bitrate=N/A speed=0.802x    
frame=  461 fps= 20 q=28.0 size=N/A time=00:00:18.04 bitrate=N/A speed=0.799x    
frame=  475 fps= 21 q=28.0 size=N/A time=00:00:18.60 bitrate=N/A speed=0.806x    
frame=  487 fps= 21 q=28.0 size=N/A time=00:00:19.08 bitrate=N/A speed=0.809x    
frame=  496 fps= 21 q=28.0 size=N/A time=00:00:19.44 bitrate=N/A speed=0.807x    
frame=  507 fps= 21 q=28.0 size=N/A time=00:00:19.88 bitrate=N/A speed=0.809x    
frame=  520 fps= 21 q=28.0 size=N/A time=00:00:20.40 bitrate=N/A speed=0.813x    
[hls @ 0xaaaac52b0010] Opening '/cache/transcodes/1a9e21255d217d232cb0ee77bf70bdf1105.mp4' for writing
frame=  526 fps= 21 q=28.0 size=N/A time=00:00:20.72 bitrate=N/A speed=0.81x    
frame=  544 fps= 21 q=28.0 size=N/A time=00:00:21.36 bitrate=N/A speed=0.819x    
frame=  557 fps= 21 q=28.0 size=N/A time=00:00:21.88 bitrate=N/A speed=0.823x    
frame=  580 fps= 21 q=28.0 size=N/A time=00:00:22.80 bitrate=N/A speed=0.842x    
[hls @ 0xaaaac52b0010] Opening '/cache/transcodes/1a9e21255d217d232cb0ee77bf70bdf1106.mp4' for writing
frame=  601 fps= 22 q=28.0 size=N/A time=00:00:23.76 bitrate=N/A speed=0.861x    
frame=  627 fps= 22 q=28.0 size=N/A time=00:00:24.68 bitrate=N/A speed=0.879x    
frame=  644 fps= 23 q=28.0 size=N/A time=00:00:25.36 bitrate=N/A speed=0.887x    
frame=  664 fps= 23 q=28.0 size=N/A time=00:00:26.16 bitrate=N/A speed=0.899x    
[hls @ 0xaaaac52b0010] Opening '/cache/transcodes/1a9e21255d217d232cb0ee77bf70bdf1107.mp4' for writing
frame=  684 fps= 23 q=28.0 size=N/A time=00:00:26.96 bitrate=N/A speed=0.911x    
frame=  708 fps= 24 q=28.0 size=N/A time=00:00:27.92 bitrate=N/A speed=0.928x    
frame=  730 fps= 24 q=28.0 size=N/A time=00:00:28.80 bitrate=N/A speed=0.941x    
frame=  750 fps= 24 q=28.0 size=N/A time=00:00:29.60 bitrate=N/A speed=0.952x    
[hls @ 0xaaaac52b0010] Opening '/cache/transcodes/1a9e21255d217d232cb0ee77bf70bdf1108.mp4' for writing
frame=  774 fps= 24 q=28.0 size=N/A time=00:00:30.56 bitrate=N/A speed=0.967x    
frame=  802 fps= 25 q=28.0 size=N/A time=00:00:31.68 bitrate=N/A speed=0.987x    
[hls @ 0xaaaac52b0010] Opening '/cache/transcodes/1a9e21255d217d232cb0ee77bf70bdf1109.mp4' for writing
frame=  826 fps= 25 q=28.0 size=N/A time=00:00:32.64 bitrate=N/A speed=   1x    
frame=  842 fps= 25 q=28.0 size=N/A time=00:00:33.28 bitrate=N/A speed=1.01x    
frame=  864 fps= 26 q=28.0 size=N/A time=00:00:34.16 bitrate=N/A speed=1.02x    
frame=  885 fps= 26 q=28.0 size=N/A time=00:00:35.00 bitrate=N/A speed=1.03x    
[hls @ 0xaaaac52b0010] Opening '/cache/transcodes/1a9e21255d217d232cb0ee77bf70bdf1110.mp4' for writing
frame=  913 fps= 26 q=28.0 size=N/A time=00:00:36.12 bitrate=N/A speed=1.04x    
frame=  926 fps= 26 q=28.0 size=N/A time=00:00:36.64 bitrate=N/A speed=1.04x    
frame=  938 fps= 26 q=28.0 size=N/A time=00:00:37.12 bitrate=N/A speed=1.04x    
frame=  949 fps= 26 q=28.0 size=N/A time=00:00:37.56 bitrate=N/A speed=1.04x    
frame=  957 fps= 26 q=28.0 size=N/A time=00:00:37.88 bitrate=N/A speed=1.03x    
[hls @ 0xaaaac52b0010] Opening '/cache/transcodes/1a9e21255d217d232cb0ee77bf70bdf1111.mp4' for writing
frame=  976 fps= 26 q=28.0 size=N/A time=00:00:38.64 bitrate=N/A speed=1.04x    
frame= 1002 fps= 27 q=28.0 size=N/A time=00:00:39.68 bitrate=N/A speed=1.05x    
frame= 1027 fps= 27 q=28.0 size=N/A time=00:00:40.68 bitrate=N/A speed=1.07x    
[hls @ 0xaaaac52b0010] Opening '/cache/transcodes/1a9e21255d217d232cb0ee77bf70bdf1112.mp4' for writing
frame= 1066 fps= 27 q=28.0 size=N/A time=00:00:42.24 bitrate=N/A speed=1.08x    
frame= 1097 fps= 28 q=28.0 size=N/A time=00:00:43.48 bitrate=N/A speed= 1.1x    
frame= 1111 fps= 28 q=28.0 size=N/A time=00:00:44.04 bitrate=N/A speed= 1.1x    
[hls @ 0xaaaac52b0010] Opening '/cache/transcodes/1a9e21255d217d232cb0ee77bf70bdf1113.mp4' for writing
frame= 1133 fps= 28 q=28.0 size=N/A time=00:00:44.92 bitrate=N/A speed=1.11x    
frame= 1149 fps= 28 q=28.0 size=N/A time=00:00:45.56 bitrate=N/A speed=1.11x    
frame= 1157 fps= 28 q=28.0 size=N/A time=00:00:45.88 bitrate=N/A speed= 1.1x    
frame= 1163 fps= 28 q=28.0 size=N/A time=00:00:46.12 bitrate=N/A speed=1.09x    
frame= 1169 fps= 27 q=28.0 size=N/A time=00:00:46.36 bitrate=N/A speed=1.09x    
frame= 1177 fps= 27 q=28.0 size=N/A time=00:00:46.68 bitrate=N/A speed=1.08x    
frame= 1183 fps= 27 q=28.0 size=N/A time=00:00:46.92 bitrate=N/A speed=1.08x    
frame= 1191 fps= 27 q=28.0 size=N/A time=00:00:47.24 bitrate=N/A speed=1.07x    
frame= 1193 fps= 27 q=28.0 size=N/A time=00:00:47.32 bitrate=N/A speed=1.06x    
[hls @ 0xaaaac52b0010] Opening '/cache/transcodes/1a9e21255d217d232cb0ee77bf70bdf1114.mp4' for writing
frame= 1201 fps= 27 q=28.0 size=N/A time=00:00:47.68 bitrate=N/A speed=1.06x    
frame= 1214 fps= 27 q=28.0 size=N/A time=00:00:48.16 bitrate=N/A speed=1.06x    
frame= 1222 fps= 26 q=28.0 size=N/A time=00:00:48.48 bitrate=N/A speed=1.05x    
frame= 1232 fps= 26 q=28.0 size=N/A time=00:00:48.88 bitrate=N/A speed=1.05x    
frame= 1244 fps= 26 q=28.0 size=N/A time=00:00:49.36 bitrate=N/A speed=1.05x    
frame= 1256 fps= 26 q=28.0 size=N/A time=00:00:49.84 bitrate=N/A speed=1.05x    
frame= 1270 fps= 26 q=28.0 size=N/A time=00:00:50.40 bitrate=N/A speed=1.05x    
[hls @ 0xaaaac52b0010] Opening '/cache/transcodes/1a9e21255d217d232cb0ee77bf70bdf1115.mp4' for writing
frame= 1276 fps= 26 q=28.0 size=N/A time=00:00:50.72 bitrate=N/A speed=1.04x    
frame= 1291 fps= 26 q=28.0 size=N/A time=00:00:51.24 bitrate=N/A speed=1.04x    
frame= 1299 fps= 26 q=28.0 size=N/A time=00:00:51.56 bitrate=N/A speed=1.04x    
frame= 1315 fps= 26 q=28.0 size=N/A time=00:00:52.20 bitrate=N/A speed=1.04x    
frame= 1320 fps= 26 q=28.0 size=N/A time=00:00:52.40 bitrate=N/A speed=1.03x    

[q] command received. Exiting.

[hls @ 0xaaaac52b0010] Opening '/cache/transcodes/1a9e21255d217d232cb0ee77bf70bdf1116.mp4' for writing
[hls @ 0xaaaac52b0010] Opening '/cache/transcodes/1a9e21255d217d232cb0ee77bf70bdf1117.mp4' for writing
[out#0/hls @ 0xaaaac527f2e0] video:20222KiB audio:863KiB subtitle:0KiB other streams:0KiB global headers:0KiB muxing overhead: unknown
frame= 1378 fps= 27 q=-1.0 Lsize=N/A time=00:00:54.72 bitrate=N/A speed=1.05x    
[libx264 @ 0xaaaac5286c90] frame I:19    Avg QP:15.10  size: 58324
[libx264 @ 0xaaaac5286c90] frame P:352   Avg QP:19.56  size: 27181
[libx264 @ 0xaaaac5286c90] frame B:1007  Avg QP:22.11  size:  9961
[libx264 @ 0xaaaac5286c90] consecutive B-frames:  1.7%  2.2%  0.9% 95.2%
[libx264 @ 0xaaaac5286c90] mb I  I16..4: 42.5% 40.3% 17.1%
[libx264 @ 0xaaaac5286c90] mb P  I16..4:  9.7% 22.1%  1.7%  P16..4: 12.5%  5.9%  2.3%  0.0%  0.0%    skip:45.7%
[libx264 @ 0xaaaac5286c90] mb B  I16..4:  2.1%  3.0%  0.1%  B16..8: 14.9%  4.0%  0.3%  direct: 5.3%  skip:70.3%  L0:50.0% L1:40.4% BI: 9.6%
[libx264 @ 0xaaaac5286c90] 8x8 transform intra:61.4% inter:62.3%
[libx264 @ 0xaaaac5286c90] coded y,uvDC,uvAC intra: 45.6% 43.6% 2.4% inter: 4.0% 9.2% 0.0%
[libx264 @ 0xaaaac5286c90] i16 v,h,dc,p: 37% 18% 21% 24%
[libx264 @ 0xaaaac5286c90] i8 v,h,dc,ddl,ddr,vr,hd,vl,hu: 17% 14% 29%  6%  7%  6%  6%  7%  8%
[libx264 @ 0xaaaac5286c90] i4 v,h,dc,ddl,ddr,vr,hd,vl,hu: 27% 23% 17%  4%  6%  5%  5%  5%  7%
[libx264 @ 0xaaaac5286c90] i8c dc,h,v,p: 38% 26% 27%  9%
[libx264 @ 0xaaaac5286c90] Weighted P-Frames: Y:2.0% UV:0.6%
[libx264 @ 0xaaaac5286c90] kb/s:3005.36